#
# A fatal error has been detected by the Java Runtime Environment:
#
#  SIGSEGV (0xb) at pc=0x00007fe57a766a81, pid=368788, tid=368820
#
# JRE version: OpenJDK Runtime Environment (Red_Hat-17.0.8.0.7-1) (17.0.8+7) (build 17.0.8+7-LTS)
# Java VM: OpenJDK 64-Bit Server VM (Red_Hat-17.0.8.0.7-1) (17.0.8+7-LTS, mixed mode, sharing, tiered, compressed oops, compressed class ptrs, g1 gc, linux-amd64)
# Problematic frame:
# V  [libjvm.so+0x766a81]  G1ParScanThreadState::trim_queue_to_threshold(unsigned int)+0x1531
#
# Core dump will be written. Default location: Core dumps may be processed with "/usr/lib/systemd/systemd-coredump %P %u %g %s %t %c %h" (or dumping to /home/t23209/anything-re/core.368788)
#
# If you would like to submit a bug report, please visit:
#   https://bugzilla.redhat.com/enter_bug.cgi?product=Red%20Hat%20Enterprise%20Linux%209&component=java-17-openjdk-portable
#

---------------  S U M M A R Y ------------

Command Line: build/libs/gradproject-0.0.1-SNAPSHOT.jar

Host: Intel(R) Core(TM) i9-10980XE CPU @ 3.00GHz, 18 cores, 124G, Rocky Linux release 9.2 (Blue Onyx)
Time: Fri Nov 24 03:34:51 2023 KST elapsed time: 1.757126 seconds (0d 0h 0m 1s)

---------------  T H R E A D  ---------------

Current thread (0x00007fe4b0009ce0):  GCTaskThread "GC Thread#5" [stack: 0x00007fe5058f8000,0x00007fe5059f8000] [id=368820]

Stack: [0x00007fe5058f8000,0x00007fe5059f8000],  sp=0x00007fe5059f5490,  free space=1013k
Native frames: (J=compiled Java code, j=interpreted, Vv=VM code, C=native code)
V  [libjvm.so+0x766a81]  G1ParScanThreadState::trim_queue_to_threshold(unsigned int)+0x1531
V  [libjvm.so+0x78992e]  G1ParCopyClosure<(G1Barrier)0, false>::do_oop(oopDesc**)+0xae
V  [libjvm.so+0x6f325a]  frame::oops_interpreted_arguments_do(Symbol*, bool, OopClosure*) const+0xda
V  [libjvm.so+0x6f3d95]  frame::oops_interpreted_do(OopClosure*, RegisterMap const*, bool) const+0x3e5
V  [libjvm.so+0xee9b2d]  JavaThread::oops_do_frames(OopClosure*, CodeBlobClosure*) [clone .part.0]+0xdd
V  [libjvm.so+0xeef1c3]  Threads::possibly_parallel_oops_do(bool, OopClosure*, CodeBlobClosure*)+0x173
V  [libjvm.so+0x78bd39]  G1RootProcessor::process_java_roots(G1RootClosures*, G1GCPhaseTimes*, unsigned int)+0x89
V  [libjvm.so+0x78c4b2]  G1RootProcessor::evacuate_roots(G1ParScanThreadState*, unsigned int)+0x72
V  [libjvm.so+0x720d66]  G1EvacuateRegionsTask::scan_roots(G1ParScanThreadState*, unsigned int)+0x26
V  [libjvm.so+0x72164a]  G1EvacuateRegionsBaseTask::work(unsigned int)+0x8a
V  [libjvm.so+0xfa7377]  GangWorker::loop()+0x77
V  [libjvm.so+0xfa73d3]
V  [libjvm.so+0xef0773]  Thread::call_run()+0xd3
V  [libjvm.so+0xc91a09]  thread_native_entry(Thread*)+0xe9

JavaThread 0x00007fe574024d10 (nid = 368789) was being processed
Java frames: (J=compiled Java code, j=interpreted, Vv=VM code)
v  ~RuntimeStub::_new_instance_Java
J 2707 c2 jdk.internal.org.objectweb.asm.SymbolTable.addConstantUtf8Reference(ILjava/lang/String;)Ljdk/internal/org/objectweb/asm/Symbol; java.base@17.0.8 (101 bytes) @ 0x00007fe564d04ddc [0x00007fe564d04300+0x0000000000000adc]
J 1138 c1 jdk.internal.org.objectweb.asm.MethodWriter.visitTypeInsn(ILjava/lang/String;)V java.base@17.0.8 (116 bytes) @ 0x00007fe55d1f53d4 [0x00007fe55d1f5300+0x00000000000000d4]
J 1611 c1 java.lang.invoke.TypeConvertingMethodAdapter.cast(Ljava/lang/String;Ljava/lang/String;)V java.base@17.0.8 (42 bytes) @ 0x00007fe55d2c5044 [0x00007fe55d2c4d00+0x0000000000000344]
J 1636 c1 java.lang.invoke.TypeConvertingMethodAdapter.convertType(Ljava/lang/Class;Ljava/lang/Class;Ljava/lang/Class;)V java.base@17.0.8 (299 bytes) @ 0x00007fe55d2d4524 [0x00007fe55d2d3040+0x00000000000014e4]
J 2478 c1 java.lang.invoke.InnerClassLambdaMetafactory$ForwardingMethodGenerator.convertArgumentTypes(Ljava/lang/invoke/MethodType;)V java.base@17.0.8 (96 bytes) @ 0x00007fe55d457c54 [0x00007fe55d457560+0x00000000000006f4]
J 2477 c1 java.lang.invoke.InnerClassLambdaMetafactory$ForwardingMethodGenerator.generate(Ljava/lang/invoke/MethodType;)V java.base@17.0.8 (272 bytes) @ 0x00007fe55d45bd04 [0x00007fe55d45b2a0+0x0000000000000a64]
J 2474 c1 java.lang.invoke.InnerClassLambdaMetafactory.generateInnerClass()Ljava/lang/Class; java.base@17.0.8 (618 bytes) @ 0x00007fe55d461744 [0x00007fe55d460420+0x0000000000001324]
J 3155 c1 java.lang.invoke.InnerClassLambdaMetafactory.spinInnerClass()Ljava/lang/Class; java.base@17.0.8 (118 bytes) @ 0x00007fe55d5ffb34 [0x00007fe55d5ff960+0x00000000000001d4]
J 2311 c1 java.lang.invoke.InnerClassLambdaMetafactory.buildCallSite()Ljava/lang/invoke/CallSite; java.base@17.0.8 (201 bytes) @ 0x00007fe55d407c84 [0x00007fe55d407c00+0x0000000000000084]
J 3978 c1 java.lang.invoke.LambdaMetafactory.metafactory(Ljava/lang/invoke/MethodHandles$Lookup;Ljava/lang/String;Ljava/lang/invoke/MethodType;Ljava/lang/invoke/MethodType;Ljava/lang/invoke/MethodHandle;Ljava/lang/invoke/MethodType;)Ljava/lang/invoke/CallSite; java.base@17.0.8 (71 bytes) @ 0x00007fe55d7da2dc [0x00007fe55d7d9e20+0x00000000000004bc]
J 3125 c1 java.lang.invoke.LambdaForm$DMH+0x00007fe4b80d4000.invokeStatic(Ljava/lang/Object;Ljava/lang/Object;Ljava/lang/Object;Ljava/lang/Object;Ljava/lang/Object;Ljava/lang/Object;Ljava/lang/Object;)Ljava/lang/Object; java.base@17.0.8 (31 bytes) @ 0x00007fe55d5eed0c [0x00007fe55d5ee9e0+0x000000000000032c]
J 2041 c1 java.lang.invoke.BootstrapMethodInvoker.invoke(Ljava/lang/Class;Ljava/lang/invoke/MethodHandle;Ljava/lang/String;Ljava/lang/Object;Ljava/lang/Object;Ljava/lang/Class;)Ljava/lang/Object; java.base@17.0.8 (974 bytes) @ 0x00007fe55d384f04 [0x00007fe55d37e6a0+0x0000000000006864]
J 2040 c1 java.lang.invoke.CallSite.makeSite(Ljava/lang/invoke/MethodHandle;Ljava/lang/String;Ljava/lang/invoke/MethodType;Ljava/lang/Object;Ljava/lang/Class;)Ljava/lang/invoke/CallSite; java.base@17.0.8 (91 bytes) @ 0x00007fe55d37b644 [0x00007fe55d37b5c0+0x0000000000000084]
J 2039 c1 java.lang.invoke.MethodHandleNatives.linkCallSiteImpl(Ljava/lang/Class;Ljava/lang/invoke/MethodHandle;Ljava/lang/String;Ljava/lang/invoke/MethodType;Ljava/lang/Object;[Ljava/lang/Object;)Ljava/lang/invoke/MemberName; java.base@17.0.8 (44 bytes) @ 0x00007fe55d378bac [0x00007fe55d378b40+0x000000000000006c]
J 2038 c1 java.lang.invoke.MethodHandleNatives.linkCallSite(Ljava/lang/Object;ILjava/lang/Object;Ljava/lang/Object;Ljava/lang/Object;Ljava/lang/Object;[Ljava/lang/Object;)Ljava/lang/invoke/MemberName; java.base@17.0.8 (66 bytes) @ 0x00007fe55d377dbc [0x00007fe55d377980+0x000000000000043c]
v  ~StubRoutines::call_stub
j  org.springframework.boot.autoconfigure.web.servlet.ServletWebServerFactoryCustomizer.customize(Lorg/springframework/boot/web/servlet/server/ConfigurableServletWebServerFactory;)V+168
j  org.springframework.boot.autoconfigure.web.servlet.ServletWebServerFactoryCustomizer.customize(Lorg/springframework/boot/web/server/WebServerFactory;)V+5
j  org.springframework.boot.web.server.WebServerFactoryCustomizerBeanPostProcessor.lambda$postProcessBeforeInitialization$0(Lorg/springframework/boot/web/server/WebServerFactory;Lorg/springframework/boot/web/server/WebServerFactoryCustomizer;)V+2
j  org.springframework.boot.web.server.WebServerFactoryCustomizerBeanPostProcessor$$Lambda$625+0x00007fe4b8463d90.accept(Ljava/lang/Object;)V+8
j  org.springframework.boot.util.LambdaSafe$Callbacks.lambda$invoke$0(Ljava/util/function/Consumer;Ljava/lang/Object;)Ljava/lang/Object;+2
j  org.springframework.boot.util.LambdaSafe$Callbacks$$Lambda$627+0x00007fe4b8461238.get()Ljava/lang/Object;+8
j  org.springframework.boot.util.LambdaSafe$LambdaSafeCallback.invoke(Ljava/lang/Object;Ljava/util/function/Supplier;)Lorg/springframework/boot/util/LambdaSafe$InvocationResult;+26
j  org.springframework.boot.util.LambdaSafe$Callbacks.lambda$invoke$1(Ljava/util/function/Consumer;Ljava/lang/Object;)V+9
j  org.springframework.boot.util.LambdaSafe$Callbacks$$Lambda$626+0x00007fe4b8461000.accept(Ljava/lang/Object;)V+9
j  java.util.ArrayList.forEach(Ljava/util/function/Consumer;)V+46 java.base@17.0.8
j  java.util.Collections$UnmodifiableCollection.forEach(Ljava/util/function/Consumer;)V+5 java.base@17.0.8
j  org.springframework.boot.util.LambdaSafe$Callbacks.invoke(Ljava/util/function/Consumer;)V+11
j  org.springframework.boot.web.server.WebServerFactoryCustomizerBeanPostProcessor.postProcessBeforeInitialization(Lorg/springframework/boot/web/server/WebServerFactory;)V+28
j  org.springframework.boot.web.server.WebServerFactoryCustomizerBeanPostProcessor.postProcessBeforeInitialization(Ljava/lang/Object;Ljava/lang/String;)Ljava/lang/Object;+14
j  org.springframework.beans.factory.support.AbstractAutowireCapableBeanFactory.applyBeanPostProcessorsBeforeInitialization(Ljava/lang/Object;Ljava/lang/String;)Ljava/lang/Object;+39
j  org.springframework.beans.factory.support.AbstractAutowireCapableBeanFactory.initializeBean(Ljava/lang/String;Ljava/lang/Object;Lorg/springframework/beans/factory/support/RootBeanDefinition;)Ljava/lang/Object;+24
j  org.springframework.beans.factory.support.AbstractAutowireCapableBeanFactory.doCreateBean(Ljava/lang/String;Lorg/springframework/beans/factory/support/RootBeanDefinition;[Ljava/lang/Object;)Ljava/lang/Object;+228
j  org.springframework.beans.factory.support.AbstractAutowireCapableBeanFactory.createBean(Ljava/lang/String;Lorg/springframework/beans/factory/support/RootBeanDefinition;[Ljava/lang/Object;)Ljava/lang/Object;+153
j  org.springframework.beans.factory.support.AbstractBeanFactory.lambda$doGetBean$0(Ljava/lang/String;Lorg/springframework/beans/factory/support/RootBeanDefinition;[Ljava/lang/Object;)Ljava/lang/Object;+4
j  org.springframework.beans.factory.support.AbstractBeanFactory$$Lambda$340+0x00007fe4b82af2b8.getObject()Ljava/lang/Object;+16
j  org.springframework.beans.factory.support.DefaultSingletonBeanRegistry.getSingleton(Ljava/lang/String;Lorg/springframework/beans/factory/ObjectFactory;)Ljava/lang/Object;+114
J 3350 c1 org.springframework.beans.factory.support.AbstractBeanFactory.doGetBean(Ljava/lang/String;Ljava/lang/Class;[Ljava/lang/Object;Z)Ljava/lang/Object; (714 bytes) @ 0x00007fe55d66fbfc [0x00007fe55d66d940+0x00000000000022bc]
J 3354 c1 org.springframework.beans.factory.support.AbstractBeanFactory.getBean(Ljava/lang/String;Ljava/lang/Class;)Ljava/lang/Object; (9 bytes) @ 0x00007fe55d66644c [0x00007fe55d666340+0x000000000000010c]
j  org.springframework.boot.web.servlet.context.ServletWebServerApplicationContext.getWebServerFactory()Lorg/springframework/boot/web/servlet/server/ServletWebServerFactory;+66
j  org.springframework.boot.web.servlet.context.ServletWebServerApplicationContext.createWebServer()V+31
j  org.springframework.boot.web.servlet.context.ServletWebServerApplicationContext.onRefresh()V+5
j  org.springframework.context.support.AbstractApplicationContext.refresh()V+77
j  org.springframework.boot.web.servlet.context.ServletWebServerApplicationContext.refresh()V+1
j  org.springframework.boot.SpringApplication.refresh(Lorg/springframework/context/ConfigurableApplicationContext;)V+1
j  org.springframework.boot.SpringApplication.refreshContext(Lorg/springframework/context/ConfigurableApplicationContext;)V+16
j  org.springframework.boot.SpringApplication.run([Ljava/lang/String;)Lorg/springframework/context/ConfigurableApplicationContext;+114
j  org.springframework.boot.SpringApplication.run([Ljava/lang/Class;[Ljava/lang/String;)Lorg/springframework/context/ConfigurableApplicationContext;+9
j  org.springframework.boot.SpringApplication.run(Ljava/lang/Class;[Ljava/lang/String;)Lorg/springframework/context/ConfigurableApplicationContext;+9
j  com.anything.gradproject.GradprojectApplication.main([Ljava/lang/String;)V+3
v  ~StubRoutines::call_stub
j  jdk.internal.reflect.NativeMethodAccessorImpl.invoke0(Ljava/lang/reflect/Method;Ljava/lang/Object;[Ljava/lang/Object;)Ljava/lang/Object;+0 java.base@17.0.8
j  jdk.internal.reflect.NativeMethodAccessorImpl.invoke(Ljava/lang/Object;[Ljava/lang/Object;)Ljava/lang/Object;+133 java.base@17.0.8
j  jdk.internal.reflect.DelegatingMethodAccessorImpl.invoke(Ljava/lang/Object;[Ljava/lang/Object;)Ljava/lang/Object;+6 java.base@17.0.8
j  java.lang.reflect.Method.invoke(Ljava/lang/Object;[Ljava/lang/Object;)Ljava/lang/Object;+59 java.base@17.0.8
j  org.springframework.boot.loader.MainMethodRunner.run()V+49
j  org.springframework.boot.loader.Launcher.launch([Ljava/lang/String;Ljava/lang/String;Ljava/lang/ClassLoader;)V+14
j  org.springframework.boot.loader.Launcher.launch([Ljava/lang/String;)V+52
j  org.springframework.boot.loader.JarLauncher.main([Ljava/lang/String;)V+8
v  ~StubRoutines::call_stub

siginfo: si_signo: 11 (SIGSEGV), si_code: 1 (SEGV_MAPERR), si_addr: 0x0000000000002000

Register to memory mapping:

RAX=0x000000008303cd90 is pointing into object: [Ljava.lang.Object; 
{0x000000008303cb58} - klass: 'java/lang/Object'[]
 - length: 150
RBX=0x00007fe420000d60 points into unknown readable memory: 0x00007fe57b29aee8 | e8 ae 29 7b e5 7f 00 00
RCX=0x0000000000000018 is an unknown value
RDX=0x0 is NULL
RSP=0x00007fe5059f5490 points into unknown readable memory: 0x0000000086000488 | 88 04 00 86 00 00 00 00
RBP=0x00007fe5059f5540 points into unknown readable memory: 0x00007fe5059f5590 | 90 55 9f 05 e5 7f 00 00
RSI=0x0000000000000003 is an unknown value
RDI=0x0 is NULL
R8 =0x000000008303cb58 is an oop: [Ljava.lang.Object; 
{0x000000008303cb58} - klass: 'java/lang/Object'[]
 - length: 150
R9 =0x0 is NULL
R10=0x00007fe57b34b330: <offset 0x000000000134b330> in /usr/lib/jvm/java-17-openjdk-17.0.8.0.7-2.el9.x86_64/lib/server/libjvm.so at 0x00007fe57a000000
R11=0x0 is NULL
R12=0x000000008303cd91 is pointing into object: [Ljava.lang.Object; 
{0x000000008303cb58} - klass: 'java/lang/Object'[]
 - length: 150
R13=0x000000008303cdc0 is an oop: [B 
{0x000000008303cdc0} - klass: {type array byte}
 - length: 117
R14=0x0000000000002000 is an unknown value
R15=0x0 is NULL


Registers:
RAX=0x000000008303cd90, RBX=0x00007fe420000d60, RCX=0x0000000000000018, RDX=0x0000000000000000
RSP=0x00007fe5059f5490, RBP=0x00007fe5059f5540, RSI=0x0000000000000003, RDI=0x0000000000000000
R8 =0x000000008303cb58, R9 =0x0000000000000000, R10=0x00007fe57b34b330, R11=0x0000000000000000
R12=0x000000008303cd91, R13=0x000000008303cdc0, R14=0x0000000000002000, R15=0x0000000000000000
RIP=0x00007fe57a766a81, EFLAGS=0x0000000000010246, CSGSFS=0x002b000000000033, ERR=0x0000000000000004
  TRAPNO=0x000000000000000e

Top of Stack: (sp=0x00007fe5059f5490)
0x00007fe5059f5490:   0000000086000488 00007fe420000d60
0x00007fe5059f54a0:   00007fe57b34b330 00007fe57b34b330
0x00007fe5059f54b0:   0000000000000004 00007fe5740a86d0
0x00007fe5059f54c0:   00007fe500000000 00007fe57b392285 

Instructions: (pc=0x00007fe57a766a81)
0x00007fe57a766981:   8a 80 05 00 00 48 8d 0c 71 0f b6 79 01 44 0f b6
0x00007fe57a766991:   39 40 84 ff 78 91 42 0f 18 0c 30 ba 10 00 00 00
0x00007fe57a7669a1:   0f 18 0c 10 48 8b 83 98 01 00 00 49 8d 4c 24 01
0x00007fe57a7669b1:   4c 8b 78 10 41 8b 87 80 00 00 00 41 8b b7 00 01
0x00007fe57a7669c1:   00 00 89 c2 29 f2 81 e2 ff ff 01 00 81 fa fd ff
0x00007fe57a7669d1:   01 00 0f 86 21 0b 00 00 49 8b 87 a0 02 00 00 49
0x00007fe57a7669e1:   3b 87 88 02 00 00 0f 84 80 15 00 00 48 8d 34 c5
0x00007fe57a7669f1:   00 00 00 00 48 83 c0 01 49 8b 97 b8 02 00 00 48
0x00007fe57a766a01:   89 0c 32 49 89 87 a0 02 00 00 e9 37 ff ff ff 49
0x00007fe57a766a11:   8d be 80 02 00 00 e8 94 ba fb ff b8 01 00 00 00
0x00007fe57a766a21:   31 d2 e9 f8 fd ff ff 0f 1f 84 00 00 00 00 00 4c
0x00007fe57a766a31:   8d 15 f9 48 be 00 45 8b 74 24 ff 48 8b 43 08 41
0x00007fe57a766a41:   8b 72 08 49 8b 12 89 f1 49 d3 e6 8b 88 90 05 00
0x00007fe57a766a51:   00 48 8b 80 80 05 00 00 49 01 d6 4c 89 f7 48 d3
0x00007fe57a766a61:   ef 48 8d 04 78 44 0f b6 58 01 44 0f b6 38 45 84
0x00007fe57a766a71:   db 0f 88 48 f5 ff ff 49 8d 44 24 ff 48 89 45 a8
0x00007fe57a766a81:   49 8b 06 48 89 c1 83 e1 03 48 83 f9 03 0f 85 49
0x00007fe57a766a91:   06 00 00 48 8d 0d 75 b6 c2 00 80 39 00 0f 85 0c
0x00007fe57a766aa1:   0b 00 00 48 83 e0 fc 4c 8b 7d a8 4c 8d 35 89 cb
0x00007fe57a766ab1:   c2 00 48 89 45 98 49 31 c7 48 8b 7d 98 89 f1 48
0x00007fe57a766ac1:   89 f8 48 29 d0 48 d3 e8 41 89 44 24 ff 41 8b 0e
0x00007fe57a766ad1:   49 d3 ef 4d 85 ff 0f 84 e3 f4 ff ff 48 8b 53 08
0x00007fe57a766ae1:   48 8b 75 a8 8b 8a c0 01 00 00 48 89 f0 48 d3 e8
0x00007fe57a766af1:   48 89 c1 48 8b 82 b0 01 00 00 48 8b 04 c8 8b 80
0x00007fe57a766b01:   bc 00 00 00 a8 02 0f 85 b3 f4 ff ff 8b 8a 90 05
0x00007fe57a766b11:   00 00 48 89 f8 48 8b 92 80 05 00 00 48 d3 e8 80
0x00007fe57a766b21:   3c 42 00 0f 84 96 f4 ff ff 48 8b 43 60 e9 60 f4
0x00007fe57a766b31:   ff ff 0f 1f 44 00 00 49 8d bf 80 02 00 00 48 89
0x00007fe57a766b41:   4d a8 e8 68 b9 fb ff 48 8b 4d a8 b8 01 00 00 00
0x00007fe57a766b51:   31 d2 e9 86 ef ff ff 0f 1f 84 00 00 00 00 00 0f
0x00007fe57a766b61:   84 84 03 00 00 3c 01 48 8d 05 bd 51 be 00 48 19
0x00007fe57a766b71:   c9 8b 00 83 e1 04 4d 63 54 0c 0c 44 89 e9 41 c1 


Stack slot to memory mapping:
stack at sp + 0 slots: 0x0000000086000488 is an oop: org.springframework.boot.web.embedded.tomcat.TomcatServletWebServerFactory 
{0x0000000086000488} - klass: 'org/springframework/boot/web/embedded/tomcat/TomcatServletWebServerFactory'
 - ---- fields (total size 21 words):
 - private 'port' 'I' @12  6009 (1779)
 - private 'address' 'Ljava/net/InetAddress;' @16  NULL (0)
 - private 'errorPages' 'Ljava/util/Set;' @20  a 'java/util/LinkedHashSet'{0x0000000086000530} (10c000a6)
 - private 'ssl' 'Lorg/springframework/boot/web/server/Ssl;' @24  NULL (0)
 - private 'sslStoreProvider' 'Lorg/springframework/boot/web/server/SslStoreProvider;' @28  NULL (0)
 - private 'sslBundles' 'Lorg/springframework/boot/ssl/SslBundles;' @32  NULL (0)
 - private 'http2' 'Lorg/springframework/boot/web/server/Http2;' @36  NULL (0)
 - private 'compression' 'Lorg/springframework/boot/web/server/Compression;' @40  NULL (0)
 - private 'serverHeader' 'Ljava/lang/String;' @44  NULL (0)
 - private 'shutdown' 'Lorg/springframework/boot/web/server/Shutdown;' @48  a 'org/springframework/boot/web/server/Shutdown'{0x0000000086000578} (10c000af)
 - private 'registerDefaultServlet' 'Z' @52  false
 - protected final 'logger' 'Lorg/apache/commons/logging/Log;' @56  a 'org/apache/commons/logging/impl/SLF4JLocationAwareLog'{0x00000000860005c8} (10c000b9)
 - private 'contextPath' 'Ljava/lang/String;' @60  ""{0x00000007ff000010} (ffe00002)
 - private 'displayName' 'Ljava/lang/String;' @64  "application"{0x0000000083093c28} (10612785)
 - private 'session' 'Lorg/springframework/boot/web/servlet/server/Session;' @68  a 'org/springframework/boot/web/servlet/server/Session'{0x0000000086a8b208} (10d51641)
 - private 'mimeMappings' 'Lorg/springframework/boot/web/server/MimeMappings;' @72  a 'org/springframework/boot/web/server/MimeMappings$LazyMimeMappingsCopy'{0x0000000086a8b1a8} (10d51635)
 - private 'initializers' 'Ljava/util/List;' @76  a 'java/util/ArrayList'{0x0000000086a8b190} (10d51632)
 - private 'jsp' 'Lorg/springframework/boot/web/servlet/server/Jsp;' @80  a 'org/springframework/boot/web/servlet/server/Jsp'{0x0000000086a8b0d8} (10d5161b)
 - private 'localeCharsetMappings' 'Ljava/util/Map;' @84  a 'java/util/HashMap'{0x0000000086a8b0a8} (10d51615)
 - private 'initParameters' 'Ljava/util/Map;' @88  a 'java/util/Collections$EmptyMap'{0x000000008300a120} (10601424)
 - private 'cookieSameSiteSuppliers' 'Ljava/util/List;' @92  a 'java/util/ArrayList'{0x0000000086a85e58} (10d50bcb)
 - private final 'documentRoot' 'Lorg/springframework/boot/web/servlet/server/DocumentRoot;' @96  a 'org/springframework/boot/web/servlet/server/DocumentRoot'{0x0000000086a85e40} (10d50bc8)
 - private final 'staticResourceJars' 'Lorg/springframework/boot/web/servlet/server/StaticResourceJars;' @100  a 'org/springframework/boot/web/servlet/server/StaticResourceJars'{0x0000000086a85e30} (10d50bc6)
 - private final 'webListenerClassNames' 'Ljava/util/Set;' @104  a 'java/util/HashSet'{0x0000000086a85df0} (10d50bbe)
 - private 'disableMBeanRegistry' 'Z' @53  true
 - private 'backgroundProcessorDelay' 'I' @108  0
 - private 'baseDirectory' 'Ljava/io/File;' @112  NULL (0)
 - private 'engineValves' 'Ljava/util/List;' @116  a 'java/util/ArrayList'{0x0000000086a85dd8} (10d50bbb)
 - private 'contextValves' 'Ljava/util/List;' @120  a 'java/util/ArrayList'{0x0000000086a85dc0} (10d50bb8)
 - private 'contextLifecycleListeners' 'Ljava/util/List;' @124  a 'java/util/ArrayList'{0x0000000086a85da8} (10d50bb5)
 - private final 'serverLifecycleListeners' 'Ljava/util/List;' @128  a 'java/util/ArrayList'{0x0000000086a85d90} (10d50bb2)
 - private 'tomcatContextCustomizers' 'Ljava/util/Set;' @132  a 'java/util/LinkedHashSet'{0x0000000086a85cd0} (10d50b9a)
 - private 'tomcatConnectorCustomizers' 'Ljava/util/Set;' @136  a 'java/util/LinkedHashSet'{0x0000000086a85c88} (10d50b91)
 - private 'tomcatProtocolHandlerCustomizers' 'Ljava/util/Set;' @140  a 'java/util/LinkedHashSet'{0x0000000086a85c40} (10d50b88)
 - private final 'additionalTomcatConnectors' 'Ljava/util/List;' @144  a 'java/util/ArrayList'{0x0000000086a83438} (10d50687)
 - private 'resourceLoader' 'Lorg/springframework/core/io/ResourceLoader;' @148  a 'org/springframework/boot/web/servlet/context/AnnotationConfigServletWebServerApplicationContext'{0x00000000831ba9c8} (10637539)
 - private 'protocol' 'Ljava/lang/String;' @152  "org.apache.coyote.http11.Http11NioProtocol"{0x000000008302b0a8} (10605615)
 - private 'tldSkipPatterns' 'Ljava/util/Set;' @156  a 'java/util/LinkedHashSet'{0x0000000086a81c08} (10d50381)
 - private final 'tldScanPatterns' 'Ljava/util/Set;' @160  a 'java/util/LinkedHashSet'{0x0000000086a81ad0} (10d5035a)
 - private 'uriEncoding' 'Ljava/nio/charset/Charset;' @164  a 'sun/nio/cs/UTF_8'{0x0000000083041a48} (10608349)
stack at sp + 1 slots: 0x00007fe420000d60 points into unknown readable memory: 0x00007fe57b29aee8 | e8 ae 29 7b e5 7f 00 00
stack at sp + 2 slots: 0x00007fe57b34b330: <offset 0x000000000134b330> in /usr/lib/jvm/java-17-openjdk-17.0.8.0.7-2.el9.x86_64/lib/server/libjvm.so at 0x00007fe57a000000
stack at sp + 3 slots: 0x00007fe57b34b330: <offset 0x000000000134b330> in /usr/lib/jvm/java-17-openjdk-17.0.8.0.7-2.el9.x86_64/lib/server/libjvm.so at 0x00007fe57a000000
stack at sp + 4 slots: 0x0000000000000004 is an unknown value
stack at sp + 5 slots: 0x00007fe5740a86d0 points into unknown readable memory: 0x0000000082000000 | 00 00 00 82 00 00 00 00
stack at sp + 6 slots: 0x00007fe500000000 points into unknown readable memory: 0x00007fe500000020 | 20 00 00 00 e5 7f 00 00
stack at sp + 7 slots: 0x00007fe57b392285: <offset 0x0000000001392285> in /usr/lib/jvm/java-17-openjdk-17.0.8.0.7-2.el9.x86_64/lib/server/libjvm.so at 0x00007fe57a000000


---------------  P R O C E S S  ---------------

Threads class SMR info:
_java_thread_list=0x00007fe41482eaa0, length=20, elements={
0x00007fe574024d10, 0x00007fe5741ee040, 0x00007fe5741ef430, 0x00007fe5741f4a10,
0x00007fe5741f5dd0, 0x00007fe5741f71f0, 0x00007fe5741f8c30, 0x00007fe5741fa170,
0x00007fe5741fb5f0, 0x00007fe574202bf0, 0x00007fe5742065f0, 0x00007fe48801c130,
0x00007fe4880510d0, 0x00007fe46c0907d0, 0x00007fe46c091950, 0x00007fe484095cf0,
0x00007fe46c1376f0, 0x00007fe46c138890, 0x00007fe45c226d60, 0x00007fe46c13c3a0
}

Java Threads: ( => current thread )
  0x00007fe574024d10 JavaThread "main" [_thread_blocked, id=368789, stack(0x00007fe579f00000,0x00007fe57a000000)]
  0x00007fe5741ee040 JavaThread "Reference Handler" daemon [_thread_blocked, id=368796, stack(0x00007fe515354000,0x00007fe515454000)]
  0x00007fe5741ef430 JavaThread "Finalizer" daemon [_thread_blocked, id=368797, stack(0x00007fe515254000,0x00007fe515354000)]
  0x00007fe5741f4a10 JavaThread "Signal Dispatcher" daemon [_thread_blocked, id=368798, stack(0x00007fe515154000,0x00007fe515254000)]
  0x00007fe5741f5dd0 JavaThread "Service Thread" daemon [_thread_blocked, id=368799, stack(0x00007fe515054000,0x00007fe515154000)]
  0x00007fe5741f71f0 JavaThread "Monitor Deflation Thread" daemon [_thread_blocked, id=368800, stack(0x00007fe514f54000,0x00007fe515054000)]
  0x00007fe5741f8c30 JavaThread "C2 CompilerThread0" daemon [_thread_in_native, id=368801, stack(0x00007fe514e54000,0x00007fe514f54000)]
  0x00007fe5741fa170 JavaThread "C1 CompilerThread0" daemon [_thread_blocked, id=368802, stack(0x00007fe514d54000,0x00007fe514e54000)]
  0x00007fe5741fb5f0 JavaThread "Sweeper thread" daemon [_thread_blocked, id=368803, stack(0x00007fe514c54000,0x00007fe514d54000)]
  0x00007fe574202bf0 JavaThread "Notification Thread" daemon [_thread_blocked, id=368804, stack(0x00007fe514b54000,0x00007fe514c54000)]
  0x00007fe5742065f0 JavaThread "Common-Cleaner" daemon [_thread_blocked, id=368806, stack(0x00007fe514952000,0x00007fe514a52000)]
  0x00007fe48801c130 JavaThread "C1 CompilerThread1" daemon [_thread_blocked, id=368807, stack(0x00007fe514852000,0x00007fe514952000)]
  0x00007fe4880510d0 JavaThread "C2 CompilerThread1" daemon [_thread_blocked, id=368808, stack(0x00007fe514752000,0x00007fe514852000)]
  0x00007fe46c0907d0 JavaThread "C1 CompilerThread2" daemon [_thread_blocked, id=368809, stack(0x00007fe514652000,0x00007fe514752000)]
  0x00007fe46c091950 JavaThread "C1 CompilerThread3" daemon [_thread_blocked, id=368810, stack(0x00007fe514552000,0x00007fe514652000)]
  0x00007fe484095cf0 JavaThread "C2 CompilerThread2" daemon [_thread_blocked, id=368811, stack(0x00007fe514452000,0x00007fe514552000)]
  0x00007fe46c1376f0 JavaThread "C2 CompilerThread3" daemon [_thread_blocked, id=368812, stack(0x00007fe5141a6000,0x00007fe5142a6000)]
  0x00007fe46c138890 JavaThread "C2 CompilerThread4" daemon [_thread_blocked, id=368813, stack(0x00007fe5140a6000,0x00007fe5141a6000)]
  0x00007fe45c226d60 JavaThread "C2 CompilerThread5" daemon [_thread_in_native, id=368814, stack(0x00007fe505f00000,0x00007fe506000000)]
  0x00007fe46c13c3a0 JavaThread "C2 CompilerThread6" daemon [_thread_blocked, id=368815, stack(0x00007fe505e00000,0x00007fe505f00000)]

Other Threads:
  0x00007fe5741ea0b0 VMThread "VM Thread" [stack: 0x00007fe515456000,0x00007fe515556000] [id=368795]
  0x00007fe574204540 WatcherThread [stack: 0x00007fe514a54000,0x00007fe514b54000] [id=368805]
  0x00007fe57405a220 GCTaskThread "GC Thread#0" [stack: 0x00007fe578c00000,0x00007fe578d00000] [id=368790]
  0x00007fe4b0007420 GCTaskThread "GC Thread#1" [stack: 0x00007fe505d00000,0x00007fe505e00000] [id=368816]
  0x00007fe4b0007e50 GCTaskThread "GC Thread#2" [stack: 0x00007fe505bfe000,0x00007fe505cfe000] [id=368817]
  0x00007fe4b0008880 GCTaskThread "GC Thread#3" [stack: 0x00007fe505afc000,0x00007fe505bfc000] [id=368818]
  0x00007fe4b00092b0 GCTaskThread "GC Thread#4" [stack: 0x00007fe5059fa000,0x00007fe505afa000] [id=368819]
=>0x00007fe4b0009ce0 GCTaskThread "GC Thread#5" [stack: 0x00007fe5058f8000,0x00007fe5059f8000] [id=368820]
  0x00007fe4b000a710 GCTaskThread "GC Thread#6" [stack: 0x00007fe5057f6000,0x00007fe5058f6000] [id=368821]
  0x00007fe4b000b140 GCTaskThread "GC Thread#7" [stack: 0x00007fe5056f4000,0x00007fe5057f4000] [id=368822]
  0x00007fe4b000bb70 GCTaskThread "GC Thread#8" [stack: 0x00007fe5055f2000,0x00007fe5056f2000] [id=368823]
  0x00007fe4b000c5a0 GCTaskThread "GC Thread#9" [stack: 0x00007fe5054f0000,0x00007fe5055f0000] [id=368824]
  0x00007fe4b000cfd0 GCTaskThread "GC Thread#10" [stack: 0x00007fe5053ee000,0x00007fe5054ee000] [id=368825]
  0x00007fe4b000da40 GCTaskThread "GC Thread#11" [stack: 0x00007fe5052ec000,0x00007fe5053ec000] [id=368826]
  0x00007fe4b000e4b0 GCTaskThread "GC Thread#12" [stack: 0x00007fe5051ea000,0x00007fe5052ea000] [id=368827]
  0x00007fe4b000ef20 GCTaskThread "GC Thread#13" [stack: 0x00007fe5050e8000,0x00007fe5051e8000] [id=368828]
  0x00007fe57406a810 ConcurrentGCThread "G1 Main Marker" [stack: 0x00007fe578afe000,0x00007fe578bfe000] [id=368791]
  0x00007fe57406b790 ConcurrentGCThread "G1 Conc#0" [stack: 0x00007fe5789fc000,0x00007fe578afc000] [id=368792]
  0x00007fe508000ea0 ConcurrentGCThread "G1 Conc#1" [stack: 0x00007fe504ee6000,0x00007fe504fe6000] [id=368830]
  0x00007fe5080018e0 ConcurrentGCThread "G1 Conc#2" [stack: 0x00007fe504de4000,0x00007fe504ee4000] [id=368831]
  0x00007fe508002320 ConcurrentGCThread "G1 Conc#3" [stack: 0x00007fe504ce2000,0x00007fe504de2000] [id=368832]
  0x00007fe5741b6fb0 ConcurrentGCThread "G1 Refine#0" [stack: 0x00007fe51572b000,0x00007fe51582b000] [id=368793]
  0x00007fe5741b7ea0 ConcurrentGCThread "G1 Service" [stack: 0x00007fe515629000,0x00007fe515729000] [id=368794]

Threads with active compile tasks:
C2 CompilerThread0     1766 4387       4       java.lang.ClassLoader::loadClass (7 bytes)
C2 CompilerThread1     1766 4580       4       org.springframework.core.annotation.AnnotationsScanner::getDeclaredAnnotations (166 bytes)
C2 CompilerThread2     1766 4549   !   4       org.springframework.boot.loader.LaunchedURLClassLoader::loadClass (98 bytes)
C2 CompilerThread3     1766 4466       4       org.springframework.beans.factory.support.AbstractBeanFactory::isTypeMatch (619 bytes)
C2 CompilerThread4     1766 4656       4       org.springframework.boot.context.properties.source.ConfigurationPropertyName$ElementsParser::parse (234 bytes)
C2 CompilerThread5     1766 4524       4       org.springframework.beans.factory.support.AbstractAutowireCapableBeanFactory::predictBeanType (128 bytes)
C2 CompilerThread6     1766 4590   !   4       org.springframework.beans.factory.support.AbstractBeanFactory::getBeanPostProcessorCache (181 bytes)

VM state: at safepoint (normal execution)

VM Mutex/Monitor currently owned by a thread:  ([mutex/lock_event])
[0x00007fe574021eb0] Threads_lock - owner thread: 0x00007fe5741ea0b0
[0x00007fe574022660] Heap_lock - owner thread: 0x00007fe574024d10

Heap address: 0x0000000082000000, size: 30688 MB, Compressed Oops mode: Zero based, Oop shift amount: 3

CDS archive(s) mapped at: [0x00007fe4b7000000-0x00007fe4b7bec000-0x00007fe4b7bec000), size 12500992, SharedBaseAddress: 0x00007fe4b7000000, ArchiveRelocationMode: 1.
Compressed class space mapped at: 0x00007fe4b8000000-0x00007fe4f8000000, reserved size: 1073741824
Narrow klass base: 0x00007fe4b7000000, Narrow klass shift: 0, Narrow klass range: 0x100000000

GC Precious Log:
 CPUs: 18 total, 18 available
 Memory: 124G
 Large Page Support: Disabled
 NUMA Support: Disabled
 Compressed Oops: Enabled (Zero based)
 Heap Region Size: 16M
 Heap Min Capacity: 16M
 Heap Initial Capacity: 2000M
 Heap Max Capacity: 30688M
 Pre-touch: Disabled
 Parallel Workers: 14
 Concurrent Workers: 4
 Concurrent Refinement Workers: 14
 Periodic GC: Disabled

Heap:
 garbage-first heap   total 229376K, used 143889K [0x0000000082000000, 0x0000000800000000)
  region size 16384K, 8 young (131072K), 1 survivors (16384K)
 Metaspace       used 32490K, committed 32896K, reserved 1114112K
  class space    used 4245K, committed 4416K, reserved 1048576K

Heap Regions: E=young(eden), S=young(survivor), O=old, HS=humongous(starts), HC=humongous(continues), CS=collection set, F=free, OA=open archive, CA=closed archive, TAMS=top-at-mark-start (previous, next)
|   0|0x0000000082000000, 0x0000000082c895f8, 0x0000000083000000| 78%| E|CS|TAMS 0x0000000082000000, 0x0000000082000000| Complete 
|   1|0x0000000083000000, 0x0000000083457530, 0x0000000084000000| 27%| O|  |TAMS 0x0000000083000000, 0x0000000083000000| Untracked 
|   2|0x0000000084000000, 0x0000000084000000, 0x0000000085000000|  0%| F|  |TAMS 0x0000000084000000, 0x0000000084000000| Untracked 
|   3|0x0000000085000000, 0x0000000085000000, 0x0000000086000000|  0%| F|  |TAMS 0x0000000085000000, 0x0000000085000000| Untracked 
|   4|0x0000000086000000, 0x0000000086bb2648, 0x0000000087000000| 73%| S|  |TAMS 0x0000000086000000, 0x0000000086000000| Complete 
|   5|0x0000000087000000, 0x0000000088000000, 0x0000000088000000|100%| E|CS|TAMS 0x0000000087000000, 0x0000000087000000| Complete 
|   6|0x0000000088000000, 0x0000000089000000, 0x0000000089000000|100%| E|CS|TAMS 0x0000000088000000, 0x0000000088000000| Complete 
|   7|0x0000000089000000, 0x000000008a000000, 0x000000008a000000|100%| E|CS|TAMS 0x0000000089000000, 0x0000000089000000| Complete 
|   8|0x000000008a000000, 0x000000008b000000, 0x000000008b000000|100%| E|CS|TAMS 0x000000008a000000, 0x000000008a000000| Complete 
|   9|0x000000008b000000, 0x000000008c000000, 0x000000008c000000|100%| E|CS|TAMS 0x000000008b000000, 0x000000008b000000| Complete 
| 113|0x00000000f3000000, 0x00000000f4000000, 0x00000000f4000000|100%| E|CS|TAMS 0x00000000f3000000, 0x00000000f3000000| Complete 
| 124|0x00000000fe000000, 0x00000000ff000000, 0x00000000ff000000|100%| E|CS|TAMS 0x00000000fe000000, 0x00000000fe000000| Complete 
|1916|0x00000007fe000000, 0x00000007fef77000, 0x00000007ff000000| 96%|OA|  |TAMS 0x00000007fef77000, 0x00000007fe000000| Untracked 
|1917|0x00000007ff000000, 0x00000007ff084000, 0x0000000800000000|  3%|CA|  |TAMS 0x00000007ff084000, 0x00000007ff000000| Untracked 

Card table byte_map: [0x00007fe555820000,0x00007fe559410000] _byte_map_base: 0x00007fe555410000

Marking Bits (Prev, Next): (CMBitMap*) 0x00007fe57405ace0, (CMBitMap*) 0x00007fe57405aca0
 Prev Bits: [0x00007fe515d30000, 0x00007fe533cb0000)
 Next Bits: [0x00007fe533cb0000, 0x00007fe551c30000)

Polling page: 0x00007fe57b768000

Metaspace:

Usage:
  Non-class:     27.58 MB used.
      Class:      4.15 MB used.
       Both:     31.73 MB used.

Virtual space:
  Non-class space:       64.00 MB reserved,      27.81 MB ( 43%) committed,  1 nodes.
      Class space:        1.00 GB reserved,       4.31 MB ( <1%) committed,  1 nodes.
             Both:        1.06 GB reserved,      32.12 MB (  3%) committed. 

Chunk freelists:
   Non-Class:  3.84 MB
       Class:  11.58 MB
        Both:  15.42 MB

MaxMetaspaceSize: unlimited
CompressedClassSpaceSize: 1.00 GB
Initial GC threshold: 21.00 MB
Current GC threshold: 35.31 MB
CDS: on
MetaspaceReclaimPolicy: balanced
 - commit_granule_bytes: 65536.
 - commit_granule_words: 8192.
 - virtual_space_node_default_size: 8388608.
 - enlarge_chunks_in_place: 1.
 - new_chunks_are_fully_committed: 0.
 - uncommit_free_chunks: 1.
 - use_allocation_guard: 0.
 - handle_deallocations: 1.


Internal statistics:

num_allocs_failed_limit: 5.
num_arena_births: 464.
num_arena_deaths: 0.
num_vsnodes_births: 2.
num_vsnodes_deaths: 0.
num_space_committed: 514.
num_space_uncommitted: 0.
num_chunks_returned_to_freelist: 5.
num_chunks_taken_from_freelist: 1663.
num_chunk_merges: 5.
num_chunk_splits: 1151.
num_chunks_enlarged: 864.
num_inconsistent_stats: 0.

CodeHeap 'non-profiled nmethods': size=119168Kb used=2181Kb max_used=2899Kb free=116986Kb
 bounds [0x00007fe564ba0000, 0x00007fe564e80000, 0x00007fe56c000000]
CodeHeap 'profiled nmethods': size=119164Kb used=7703Kb max_used=9686Kb free=111460Kb
 bounds [0x00007fe55d000000, 0x00007fe55d980000, 0x00007fe56445f000]
CodeHeap 'non-nmethods': size=7428Kb used=3248Kb max_used=3337Kb free=4179Kb
 bounds [0x00007fe56445f000, 0x00007fe5647af000, 0x00007fe564ba0000]
 total_blobs=4515 nmethods=3908 adapters=517
 compilation: enabled
              stopped_count=0, restarted_count=0
 full_count=0

Compilation events (20 events):
Event: 1.731 Thread 0x00007fe5741fa170 4681       3       org.springframework.core.annotation.TypeMappedAnnotations::isPresent (39 bytes)
Event: 1.731 Thread 0x00007fe48801c130 nmethod 4678 0x00007fe55d06af90 code [0x00007fe55d06b140, 0x00007fe55d06b3e0]
Event: 1.732 Thread 0x00007fe5741fa170 nmethod 4681 0x00007fe55d057510 code [0x00007fe55d057700, 0x00007fe55d057d00]
Event: 1.732 Thread 0x00007fe46c091950 nmethod 4680 0x00007fe55d1d0b90 code [0x00007fe55d1d0da0, 0x00007fe55d1d13c0]
Event: 1.732 Thread 0x00007fe46c0907d0 nmethod 4679 0x00007fe55d2a9190 code [0x00007fe55d2a9480, 0x00007fe55d2aa8e0]
Event: 1.733 Thread 0x00007fe48801c130 4682       3       java.util.ArrayList::addAll (111 bytes)
Event: 1.733 Thread 0x00007fe46c0907d0 4683       3       org.springframework.transaction.annotation.AnnotationTransactionAttributeSource::determineTransactionAttribute (51 bytes)
Event: 1.733 Thread 0x00007fe5741fa170 4684       3       org.springframework.transaction.annotation.SpringTransactionAnnotationParser::parseTransactionAnnotation (21 bytes)
Event: 1.733 Thread 0x00007fe46c091950 4685       3       org.springframework.transaction.annotation.JtaTransactionAnnotationParser::parseTransactionAnnotation (19 bytes)
Event: 1.733 Thread 0x00007fe46c091950 nmethod 4685 0x00007fe55d2b9790 code [0x00007fe55d2b9960, 0x00007fe55d2b9b50]
Event: 1.733 Thread 0x00007fe5741fa170 nmethod 4684 0x00007fe55d313e90 code [0x00007fe55d314060, 0x00007fe55d314270]
Event: 1.733 Thread 0x00007fe48801c130 nmethod 4682 0x00007fe55d515c90 code [0x00007fe55d515ec0, 0x00007fe55d516650]
Event: 1.733 Thread 0x00007fe46c091950 4686       3       org.springframework.core.MethodClassKey::hashCode (30 bytes)
Event: 1.733 Thread 0x00007fe5741fa170 4687       1       org.springframework.transaction.annotation.AnnotationTransactionAttributeSource::allowPublicMethodsOnly (5 bytes)
Event: 1.733 Thread 0x00007fe46c0907d0 nmethod 4683 0x00007fe55d0b9910 code [0x00007fe55d0b9b20, 0x00007fe55d0ba170]
Event: 1.733 Thread 0x00007fe5741fa170 nmethod 4687 0x00007fe564bd6410 code [0x00007fe564bd65a0, 0x00007fe564bd6670]
Event: 1.734 Thread 0x00007fe46c091950 nmethod 4686 0x00007fe55d115f90 code [0x00007fe55d116180, 0x00007fe55d1165d0]
Event: 1.734 Thread 0x00007fe48801c130 4688       3       org.springframework.beans.factory.annotation.InjectionMetadata::needsRefresh (18 bytes)
Event: 1.734 Thread 0x00007fe48801c130 nmethod 4688 0x00007fe55d3a4210 code [0x00007fe55d3a43c0, 0x00007fe55d3a4600]
Event: 1.739 Thread 0x00007fe46c1376f0 nmethod 4466 0x00007fe564d1c290 code [0x00007fe564d1c940, 0x00007fe564d248a8]

GC Heap History (9 events):
Event: 0.404 GC heap before
{Heap before GC invocations=0 (full 0):
 garbage-first heap   total 2080768K, used 114668K [0x0000000082000000, 0x0000000800000000)
  region size 16384K, 6 young (98304K), 0 survivors (0K)
 Metaspace       used 6236K, committed 6464K, reserved 1114112K
  class space    used 728K, committed 832K, reserved 1048576K
}
Event: 0.406 GC heap after
{Heap after GC invocations=1 (full 0):
 garbage-first heap   total 2080768K, used 20206K [0x0000000082000000, 0x0000000800000000)
  region size 16384K, 1 young (16384K), 1 survivors (16384K)
 Metaspace       used 6236K, committed 6464K, reserved 1114112K
  class space    used 728K, committed 832K, reserved 1048576K
}
Event: 0.597 GC heap before
{Heap before GC invocations=1 (full 0):
 garbage-first heap   total 2080768K, used 102126K [0x0000000082000000, 0x0000000800000000)
  region size 16384K, 6 young (98304K), 1 survivors (16384K)
 Metaspace       used 10717K, committed 11008K, reserved 1114112K
  class space    used 1346K, committed 1472K, reserved 1048576K
}
Event: 0.599 GC heap after
{Heap after GC invocations=2 (full 0):
 garbage-first heap   total 2080768K, used 21435K [0x0000000082000000, 0x0000000800000000)
  region size 16384K, 1 young (16384K), 1 survivors (16384K)
 Metaspace       used 10717K, committed 11008K, reserved 1114112K
  class space    used 1346K, committed 1472K, reserved 1048576K
}
Event: 0.843 GC heap before
{Heap before GC invocations=2 (full 0):
 garbage-first heap   total 2080768K, used 168891K [0x0000000082000000, 0x0000000800000000)
  region size 16384K, 11 young (180224K), 1 survivors (16384K)
 Metaspace       used 21185K, committed 21504K, reserved 1114112K
  class space    used 2647K, committed 2816K, reserved 1048576K
}
Event: 0.847 GC heap after
{Heap after GC invocations=3 (full 0):
 garbage-first heap   total 2080768K, used 25588K [0x0000000082000000, 0x0000000800000000)
  region size 16384K, 1 young (16384K), 1 survivors (16384K)
 Metaspace       used 21185K, committed 21504K, reserved 1114112K
  class space    used 2647K, committed 2816K, reserved 1048576K
}
Event: 1.322 GC heap before
{Heap before GC invocations=4 (full 0):
 garbage-first heap   total 229376K, used 173044K [0x0000000082000000, 0x0000000800000000)
  region size 16384K, 11 young (180224K), 1 survivors (16384K)
 Metaspace       used 27108K, committed 27392K, reserved 1114112K
  class space    used 3439K, committed 3584K, reserved 1048576K
}
Event: 1.325 GC heap after
{Heap after GC invocations=5 (full 0):
 garbage-first heap   total 229376K, used 29201K [0x0000000082000000, 0x0000000800000000)
  region size 16384K, 1 young (16384K), 1 survivors (16384K)
 Metaspace       used 27108K, committed 27392K, reserved 1114112K
  class space    used 3439K, committed 3584K, reserved 1048576K
}
Event: 1.739 GC heap before
{Heap before GC invocations=5 (full 0):
 garbage-first heap   total 229376K, used 143889K [0x0000000082000000, 0x0000000800000000)
  region size 16384K, 8 young (131072K), 1 survivors (16384K)
 Metaspace       used 32490K, committed 32896K, reserved 1114112K
  class space    used 4245K, committed 4416K, reserved 1048576K
}

Dll operation events (7 events):
Event: 0.001 Loaded shared library /usr/lib/jvm/java-17-openjdk-17.0.8.0.7-2.el9.x86_64/lib/libjava.so
Event: 0.012 Loaded shared library /usr/lib/jvm/java-17-openjdk-17.0.8.0.7-2.el9.x86_64/lib/libjsvml.so
Event: 0.017 Loaded shared library /usr/lib/jvm/java-17-openjdk-17.0.8.0.7-2.el9.x86_64/lib/libnio.so
Event: 0.019 Loaded shared library /usr/lib/jvm/java-17-openjdk-17.0.8.0.7-2.el9.x86_64/lib/libzip.so
Event: 0.044 Loaded shared library /usr/lib/jvm/java-17-openjdk-17.0.8.0.7-2.el9.x86_64/lib/libjimage.so
Event: 0.106 Loaded shared library /usr/lib/jvm/java-17-openjdk-17.0.8.0.7-2.el9.x86_64/lib/libsystemconf.so
Event: 0.192 Loaded shared library /usr/lib/jvm/java-17-openjdk-17.0.8.0.7-2.el9.x86_64/lib/libnet.so

Deoptimization events (20 events):
Event: 1.685 Thread 0x00007fe574024d10 Uncommon trap: trap_request=0xffffff76 fr.pc=0x00007fe564d5bb24 relative=0x0000000000001104
Event: 1.685 Thread 0x00007fe574024d10 Uncommon trap: reason=predicate action=maybe_recompile pc=0x00007fe564d5bb24 method=java.util.Properties$LineReader.readLine()I @ 53 c2
Event: 1.685 Thread 0x00007fe574024d10 DEOPT PACKING pc=0x00007fe564d5bb24 sp=0x00007fe579ffb6f0
Event: 1.685 Thread 0x00007fe574024d10 DEOPT UNPACKING pc=0x00007fe5644b8b19 sp=0x00007fe579ffb698 mode 2
Event: 1.686 Thread 0x00007fe574024d10 Uncommon trap: trap_request=0xffffff45 fr.pc=0x00007fe564e2fc3c relative=0x000000000000009c
Event: 1.686 Thread 0x00007fe574024d10 Uncommon trap: reason=unstable_if action=reinterpret pc=0x00007fe564e2fc3c method=java.nio.Buffer.position(I)Ljava/nio/Buffer; @ 37 c2
Event: 1.686 Thread 0x00007fe574024d10 DEOPT PACKING pc=0x00007fe564e2fc3c sp=0x00007fe579ffb310
Event: 1.686 Thread 0x00007fe574024d10 DEOPT UNPACKING pc=0x00007fe5644b8b19 sp=0x00007fe579ffb270 mode 2
Event: 1.686 Thread 0x00007fe574024d10 Uncommon trap: trap_request=0xffffff45 fr.pc=0x00007fe564e2ab3c relative=0x000000000000009c
Event: 1.686 Thread 0x00007fe574024d10 Uncommon trap: reason=unstable_if action=reinterpret pc=0x00007fe564e2ab3c method=java.nio.Buffer.position(I)Ljava/nio/Buffer; @ 37 c2
Event: 1.686 Thread 0x00007fe574024d10 DEOPT PACKING pc=0x00007fe564e2ab3c sp=0x00007fe579ffb2b0
Event: 1.686 Thread 0x00007fe574024d10 DEOPT UNPACKING pc=0x00007fe5644b8b19 sp=0x00007fe579ffb268 mode 2
Event: 1.723 Thread 0x00007fe574024d10 Uncommon trap: trap_request=0xffffffc6 fr.pc=0x00007fe564e56734 relative=0x0000000000001fb4
Event: 1.723 Thread 0x00007fe574024d10 Uncommon trap: reason=bimorphic_or_optimized_type_check action=maybe_recompile pc=0x00007fe564e56734 method=org.springframework.core.ResolvableType.getGenerics()[Lorg/springframework/core/ResolvableType; @ 106 c2
Event: 1.723 Thread 0x00007fe574024d10 DEOPT PACKING pc=0x00007fe564e56734 sp=0x00007fe579ffb5c0
Event: 1.723 Thread 0x00007fe574024d10 DEOPT UNPACKING pc=0x00007fe5644b8b19 sp=0x00007fe579ffb580 mode 2
Event: 1.738 Thread 0x00007fe574024d10 Uncommon trap: trap_request=0xffffff45 fr.pc=0x00007fe564e57b30 relative=0x0000000000000370
Event: 1.738 Thread 0x00007fe574024d10 Uncommon trap: reason=unstable_if action=reinterpret pc=0x00007fe564e57b30 method=java.lang.invoke.MethodType.equals(Ljava/lang/invoke/MethodType;)Z @ 22 c2
Event: 1.738 Thread 0x00007fe574024d10 DEOPT PACKING pc=0x00007fe564e57b30 sp=0x00007fe579ffbe70
Event: 1.738 Thread 0x00007fe574024d10 DEOPT UNPACKING pc=0x00007fe5644b8b19 sp=0x00007fe579ffbdb0 mode 2

Classes unloaded (0 events):
No events

Classes redefined (0 events):
No events

Internal exceptions (20 events):
Event: 1.499 Thread 0x00007fe574024d10 Exception <a 'java/lang/NoSuchMethodError'{0x000000008ae13568}: 'int java.lang.invoke.DirectMethodHandle$Holder.invokeStaticInit(java.lang.Object, float, float)'> (0x000000008ae13568) 
thrown [src/hotspot/share/interpreter/linkResolver.cpp, line 758]
Event: 1.499 Thread 0x00007fe574024d10 Exception <a 'java/lang/NoSuchMethodError'{0x000000008ae1a3c0}: 'int java.lang.invoke.DirectMethodHandle$Holder.invokeStaticInit(java.lang.Object, double, double)'> (0x000000008ae1a3c0) 
thrown [src/hotspot/share/interpreter/linkResolver.cpp, line 758]
Event: 1.499 Thread 0x00007fe574024d10 Exception <a 'java/lang/NoSuchMethodError'{0x000000008ae1e990}: 'int java.lang.invoke.DirectMethodHandle$Holder.invokeStatic(java.lang.Object, long)'> (0x000000008ae1e990) 
thrown [src/hotspot/share/interpreter/linkResolver.cpp, line 758]
Event: 1.501 Thread 0x00007fe574024d10 Exception <a 'java/lang/NoSuchMethodError'{0x000000008ae43728}: 'int java.lang.invoke.DirectMethodHandle$Holder.invokeSpecial(java.lang.Object, java.lang.Object, int)'> (0x000000008ae43728) 
thrown [src/hotspot/share/interpreter/linkResolver.cpp, line 758]
Event: 1.501 Thread 0x00007fe574024d10 Exception <a 'java/lang/NoSuchMethodError'{0x000000008ae4b088}: 'int java.lang.invoke.Invokers$Holder.linkToTargetMethod(java.lang.Object, java.lang.Object)'> (0x000000008ae4b088) 
thrown [src/hotspot/share/interpreter/linkResolver.cpp, line 758]
Event: 1.510 Thread 0x00007fe574024d10 Exception <a 'java/lang/NoSuchMethodError'{0x00000000890999f0}: 'java.lang.Object java.lang.invoke.DirectMethodHandle$Holder.invokeSpecial(java.lang.Object, java.lang.Object, java.lang.Object, java.lang.Object, java.lang.Object, java.lang.Object, java.lang.Object, java.lang.Object, java.lang.Object, java.lang.Object)'> (0x00000000890999f0) 
thrown [src/hotspot/share/interpreter/linkResolver.cpp, line 758]
Event: 1.510 Thread 0x00007fe574024d10 Exception <a 'java/lang/NoSuchMethodError'{0x000000008909e280}: 'java.lang.Object java.lang.invoke.Invokers$Holder.invoke_MT(java.lang.Object, java.lang.Object, java.lang.Object, java.lang.Object, java.lang.Object, java.lang.Object, java.lang.Object, java.lang.Object, java.lang.Object, java.lang.Object)'> (0x000000008909e280) 
thrown [src/hotspot/share/interpreter/linkResolver.cpp, line 758]
Event: 1.513 Thread 0x00007fe574024d10 Exception <a 'java/lang/NoSuchMethodError'{0x0000000089111898}: 'java.lang.Object java.lang.invoke.DirectMethodHandle$Holder.invokeSpecial(java.lang.Object, java.lang.Object, int, java.lang.Object, java.lang.Object)'> (0x0000000089111898) 
thrown [src/hotspot/share/interpreter/linkResolver.cpp, line 758]
Event: 1.514 Thread 0x00007fe574024d10 Exception <a 'java/lang/NoSuchMethodError'{0x0000000089115540}: 'java.lang.Object java.lang.invoke.DelegatingMethodHandle$Holder.delegate(java.lang.Object, int, java.lang.Object, java.lang.Object)'> (0x0000000089115540) 
thrown [src/hotspot/share/interpreter/linkResolver.cpp, line 758]
Event: 1.514 Thread 0x00007fe574024d10 Exception <a 'java/lang/NoSuchMethodError'{0x0000000089126670}: 'int java.lang.invoke.Invokers$Holder.linkToTargetMethod(java.lang.Object, java.lang.Object, java.lang.Object)'> (0x0000000089126670) 
thrown [src/hotspot/share/interpreter/linkResolver.cpp, line 758]
Event: 1.553 Thread 0x00007fe574024d10 Exception <a 'java/lang/NoClassDefFoundError'{0x00000000898a6708}: org/flywaydb/core/Flyway> (0x00000000898a6708) 
thrown [src/hotspot/share/classfile/systemDictionary.cpp, line 245]
Event: 1.553 Thread 0x00007fe574024d10 Exception <a 'java/lang/NoClassDefFoundError'{0x00000000898dd738}: liquibase/integration/spring/SpringLiquibase> (0x00000000898dd738) 
thrown [src/hotspot/share/classfile/systemDictionary.cpp, line 245]
Event: 1.556 Thread 0x00007fe574024d10 Exception <a 'java/lang/NoClassDefFoundError'{0x00000000899bd980}: org/springframework/batch/core/repository/JobRepository> (0x00000000899bd980) 
thrown [src/hotspot/share/classfile/systemDictionary.cpp, line 245]
Event: 1.556 Thread 0x00007fe574024d10 Exception <a 'java/lang/NoClassDefFoundError'{0x00000000899ef990}: org/quartz/Scheduler> (0x00000000899ef990) 
thrown [src/hotspot/share/classfile/systemDictionary.cpp, line 245]
Event: 1.556 Thread 0x00007fe574024d10 Exception <a 'java/lang/NoClassDefFoundError'{0x0000000089a2a308}: org/springframework/session/jdbc/JdbcIndexedSessionRepository> (0x0000000089a2a308) 
thrown [src/hotspot/share/classfile/systemDictionary.cpp, line 245]
Event: 1.576 Thread 0x00007fe574024d10 Exception <a 'java/lang/NoClassDefFoundError'{0x0000000089dc4f28}: org/jooq/DSLContext> (0x0000000089dc4f28) 
thrown [src/hotspot/share/classfile/systemDictionary.cpp, line 245]
Event: 1.617 Thread 0x00007fe574024d10 Exception <a 'java/lang/NoSuchMethodError'{0x00000000885b6290}: 'int java.lang.invoke.DirectMethodHandle$Holder.invokeSpecial(java.lang.Object, java.lang.Object, java.lang.Object, java.lang.Object, java.lang.Object)'> (0x00000000885b6290) 
thrown [src/hotspot/share/interpreter/linkResolver.cpp, line 758]
Event: 1.641 Thread 0x00007fe574024d10 Implicit null exception at 0x00007fe564d4cacc to 0x00007fe564d4ccb8
Event: 1.685 Thread 0x00007fe574024d10 Implicit null exception at 0x00007fe564d5ab2d to 0x00007fe564d5badc
Event: 1.738 Thread 0x00007fe574024d10 Exception <a 'java/lang/NoSuchMethodError'{0x0000000087fe19b8}: 'void java.lang.invoke.DirectMethodHandle$Holder.invokeInterface(java.lang.Object, java.lang.Object, int)'> (0x0000000087fe19b8) 
thrown [src/hotspot/share/interpreter/linkResolver.cpp, line 758]

VM Operations (20 events):
Event: 1.506 Executing VM operation: HandshakeAllThreads done
Event: 1.512 Executing VM operation: ICBufferFull
Event: 1.512 Executing VM operation: ICBufferFull done
Event: 1.580 Executing VM operation: HandshakeAllThreads
Event: 1.580 Executing VM operation: HandshakeAllThreads done
Event: 1.630 Executing VM operation: HandshakeAllThreads
Event: 1.630 Executing VM operation: HandshakeAllThreads done
Event: 1.658 Executing VM operation: HandshakeAllThreads
Event: 1.658 Executing VM operation: HandshakeAllThreads done
Event: 1.664 Executing VM operation: HandshakeAllThreads
Event: 1.664 Executing VM operation: HandshakeAllThreads done
Event: 1.666 Executing VM operation: ICBufferFull
Event: 1.666 Executing VM operation: ICBufferFull done
Event: 1.676 Executing VM operation: HandshakeAllThreads
Event: 1.676 Executing VM operation: HandshakeAllThreads done
Event: 1.685 Executing VM operation: HandshakeAllThreads
Event: 1.685 Executing VM operation: HandshakeAllThreads done
Event: 1.717 Executing VM operation: HandshakeAllThreads
Event: 1.717 Executing VM operation: HandshakeAllThreads done
Event: 1.739 Executing VM operation: G1CollectForAllocation

Events (20 events):
Event: 1.689 Thread 0x00007fe5741fb5f0 flushing nmethod 0x00007fe55d832a10
Event: 1.689 Thread 0x00007fe5741fb5f0 flushing nmethod 0x00007fe55d832e10
Event: 1.689 Thread 0x00007fe5741fb5f0 flushing nmethod 0x00007fe55d836310
Event: 1.689 Thread 0x00007fe5741fb5f0 flushing nmethod 0x00007fe55d851f90
Event: 1.689 Thread 0x00007fe5741fb5f0 flushing nmethod 0x00007fe55d882890
Event: 1.689 Thread 0x00007fe5741fb5f0 flushing nmethod 0x00007fe55d920290
Event: 1.689 Thread 0x00007fe5741fb5f0 flushing nmethod 0x00007fe55d922210
Event: 1.689 Thread 0x00007fe5741fb5f0 flushing nmethod 0x00007fe55d922890
Event: 1.689 Thread 0x00007fe5741fb5f0 flushing nmethod 0x00007fe55d923810
Event: 1.689 Thread 0x00007fe5741fb5f0 flushing nmethod 0x00007fe55d939c10
Event: 1.689 Thread 0x00007fe5741fb5f0 flushing nmethod 0x00007fe55d93b010
Event: 1.689 Thread 0x00007fe5741fb5f0 flushing nmethod 0x00007fe55d965010
Event: 1.692 loading class javax/management/MBeanRegistration
Event: 1.692 loading class javax/management/MBeanRegistration done
Event: 1.695 loading class javax/management/NotificationEmitter
Event: 1.695 loading class javax/management/NotificationBroadcaster
Event: 1.695 loading class javax/management/NotificationBroadcaster done
Event: 1.695 loading class javax/management/NotificationEmitter done
Event: 1.733 loading class java/util/function/ObjIntConsumer
Event: 1.733 loading class java/util/function/ObjIntConsumer done


Dynamic libraries:
82000000-8c000000 rw-p 00000000 00:00 0 
8c000000-f3000000 ---p 00000000 00:00 0 
f3000000-f4000000 rw-p 00000000 00:00 0 
f4000000-fe000000 ---p 00000000 00:00 0 
fe000000-ff000000 rw-p 00000000 00:00 0 
ff000000-7fe000000 ---p 00000000 00:00 0 
7fe000000-7fef00000 rw-p 00000000 00:00 0 
7fef00000-7fef77000 rw-p 00ca9000 08:02 478896                           /usr/lib/jvm/java-17-openjdk-17.0.8.0.7-2.el9.x86_64/lib/server/classes.jsa
7fef77000-7ff000000 rw-p 00000000 00:00 0 
7ff000000-7ff084000 rw-p 00c25000 08:02 478896                           /usr/lib/jvm/java-17-openjdk-17.0.8.0.7-2.el9.x86_64/lib/server/classes.jsa
7ff084000-800000000 rw-p 00000000 00:00 0 
564427182000-564427183000 r--p 00000000 08:02 234886120                  /usr/lib/jvm/java-17-openjdk-17.0.8.0.7-2.el9.x86_64/bin/java
564427183000-564427184000 r-xp 00001000 08:02 234886120                  /usr/lib/jvm/java-17-openjdk-17.0.8.0.7-2.el9.x86_64/bin/java
564427184000-564427185000 r--p 00002000 08:02 234886120                  /usr/lib/jvm/java-17-openjdk-17.0.8.0.7-2.el9.x86_64/bin/java
564427185000-564427186000 r--p 00002000 08:02 234886120                  /usr/lib/jvm/java-17-openjdk-17.0.8.0.7-2.el9.x86_64/bin/java
564427186000-564427187000 rw-p 00003000 08:02 234886120                  /usr/lib/jvm/java-17-openjdk-17.0.8.0.7-2.el9.x86_64/bin/java
564428b7f000-564428bc6000 rw-p 00000000 00:00 0                          [heap]
7fe40c000000-7fe40c021000 rw-p 00000000 00:00 0 
7fe40c021000-7fe410000000 ---p 00000000 00:00 0 
7fe410000000-7fe410021000 rw-p 00000000 00:00 0 
7fe410021000-7fe414000000 ---p 00000000 00:00 0 
7fe414000000-7fe4148f8000 rw-p 00000000 00:00 0 
7fe4148f8000-7fe418000000 ---p 00000000 00:00 0 
7fe418000000-7fe418021000 rw-p 00000000 00:00 0 
7fe418021000-7fe41c000000 ---p 00000000 00:00 0 
7fe41c000000-7fe41c021000 rw-p 00000000 00:00 0 
7fe41c021000-7fe420000000 ---p 00000000 00:00 0 
7fe420000000-7fe420021000 rw-p 00000000 00:00 0 
7fe420021000-7fe424000000 ---p 00000000 00:00 0 
7fe424000000-7fe424021000 rw-p 00000000 00:00 0 
7fe424021000-7fe428000000 ---p 00000000 00:00 0 
7fe428000000-7fe428021000 rw-p 00000000 00:00 0 
7fe428021000-7fe42c000000 ---p 00000000 00:00 0 
7fe42c000000-7fe42c021000 rw-p 00000000 00:00 0 
7fe42c021000-7fe430000000 ---p 00000000 00:00 0 
7fe430000000-7fe430021000 rw-p 00000000 00:00 0 
7fe430021000-7fe434000000 ---p 00000000 00:00 0 
7fe434000000-7fe434021000 rw-p 00000000 00:00 0 
7fe434021000-7fe438000000 ---p 00000000 00:00 0 
7fe438000000-7fe438021000 rw-p 00000000 00:00 0 
7fe438021000-7fe43c000000 ---p 00000000 00:00 0 
7fe43c000000-7fe43c021000 rw-p 00000000 00:00 0 
7fe43c021000-7fe440000000 ---p 00000000 00:00 0 
7fe440000000-7fe4403a7000 rw-p 00000000 00:00 0 
7fe4403a7000-7fe444000000 ---p 00000000 00:00 0 
7fe444000000-7fe444021000 rw-p 00000000 00:00 0 
7fe444021000-7fe448000000 ---p 00000000 00:00 0 
7fe448000000-7fe448021000 rw-p 00000000 00:00 0 
7fe448021000-7fe44c000000 ---p 00000000 00:00 0 
7fe44c000000-7fe44ccf9000 rw-p 00000000 00:00 0 
7fe44ccf9000-7fe450000000 ---p 00000000 00:00 0 
7fe450000000-7fe450021000 rw-p 00000000 00:00 0 
7fe450021000-7fe454000000 ---p 00000000 00:00 0 
7fe454000000-7fe454ce7000 rw-p 00000000 00:00 0 
7fe454ce7000-7fe458000000 ---p 00000000 00:00 0 
7fe458000000-7fe4597fb000 rw-p 00000000 00:00 0 
7fe4597fb000-7fe45c000000 ---p 00000000 00:00 0 
7fe45c000000-7fe45d3b7000 rw-p 00000000 00:00 0 
7fe45d3b7000-7fe460000000 ---p 00000000 00:00 0 
7fe460000000-7fe4614d5000 rw-p 00000000 00:00 0 
7fe4614d5000-7fe464000000 ---p 00000000 00:00 0 
7fe464000000-7fe464272000 rw-p 00000000 00:00 0 
7fe464272000-7fe468000000 ---p 00000000 00:00 0 
7fe468000000-7fe468275000 rw-p 00000000 00:00 0 
7fe468275000-7fe46c000000 ---p 00000000 00:00 0 
7fe46c000000-7fe46c3dc000 rw-p 00000000 00:00 0 
7fe46c3dc000-7fe470000000 ---p 00000000 00:00 0 
7fe470000000-7fe47114a000 rw-p 00000000 00:00 0 
7fe47114a000-7fe474000000 ---p 00000000 00:00 0 
7fe474000000-7fe474021000 rw-p 00000000 00:00 0 
7fe474021000-7fe478000000 ---p 00000000 00:00 0 
7fe478000000-7fe478021000 rw-p 00000000 00:00 0 
7fe478021000-7fe47c000000 ---p 00000000 00:00 0 
7fe47c000000-7fe47c061000 rw-p 00000000 00:00 0 
7fe47c061000-7fe480000000 ---p 00000000 00:00 0 
7fe480000000-7fe480021000 rw-p 00000000 00:00 0 
7fe480021000-7fe484000000 ---p 00000000 00:00 0 
7fe484000000-7fe485ad2000 rw-p 00000000 00:00 0 
7fe485ad2000-7fe488000000 ---p 00000000 00:00 0 
7fe488000000-7fe4883ae000 rw-p 00000000 00:00 0 
7fe4883ae000-7fe48c000000 ---p 00000000 00:00 0 
7fe48c000000-7fe48c021000 rw-p 00000000 00:00 0 
7fe48c021000-7fe490000000 ---p 00000000 00:00 0 
7fe490000000-7fe490021000 rw-p 00000000 00:00 0 
7fe490021000-7fe494000000 ---p 00000000 00:00 0 
7fe494000000-7fe494021000 rw-p 00000000 00:00 0 
7fe494021000-7fe498000000 ---p 00000000 00:00 0 
7fe49aa00000-7fe4a7f30000 r--p 00000000 08:02 201363291                  /usr/lib/locale/locale-archive
7fe4a8000000-7fe4a8021000 rw-p 00000000 00:00 0 
7fe4a8021000-7fe4ac000000 ---p 00000000 00:00 0 
7fe4ac000000-7fe4ac021000 rw-p 00000000 00:00 0 
7fe4ac021000-7fe4b0000000 ---p 00000000 00:00 0 
7fe4b0000000-7fe4b0021000 rw-p 00000000 00:00 0 
7fe4b0021000-7fe4b4000000 ---p 00000000 00:00 0 
7fe4b7000000-7fe4b7bec000 rw-p 00001000 08:02 478896                     /usr/lib/jvm/java-17-openjdk-17.0.8.0.7-2.el9.x86_64/lib/server/classes.jsa
7fe4b7bec000-7fe4b8000000 ---p 00000000 00:00 0 
7fe4b8000000-7fe4b8040000 rw-p 00000000 00:00 0 
7fe4b8040000-7fe4b8080000 rw-p 00000000 00:00 0 
7fe4b8080000-7fe4b80e0000 rw-p 00000000 00:00 0 
7fe4b80e0000-7fe4b8100000 rw-p 00000000 00:00 0 
7fe4b8100000-7fe4b8260000 rw-p 00000000 00:00 0 
7fe4b8260000-7fe4b8280000 ---p 00000000 00:00 0 
7fe4b8280000-7fe4b8470000 rw-p 00000000 00:00 0 
7fe4b8470000-7fe4f8000000 ---p 00000000 00:00 0 
7fe4f8000000-7fe4f8021000 rw-p 00000000 00:00 0 
7fe4f8021000-7fe4fc000000 ---p 00000000 00:00 0 
7fe4fc000000-7fe4fc400000 rw-p 00000000 00:00 0 
7fe4fc400000-7fe4fce00000 rw-p 00000000 00:00 0 
7fe4fce00000-7fe4fd900000 rw-p 00000000 00:00 0 
7fe4fd900000-7fe4fd9a0000 rw-p 00000000 00:00 0 
7fe4fd9a0000-7fe4fda00000 ---p 00000000 00:00 0 
7fe4fda00000-7fe4fdc30000 rw-p 00000000 00:00 0 
7fe4fdc30000-7fe500000000 ---p 00000000 00:00 0 
7fe500000000-7fe500021000 rw-p 00000000 00:00 0 
7fe500021000-7fe504000000 ---p 00000000 00:00 0 
7fe504488000-7fe504ce0000 rw-p 00000000 00:00 0 
7fe504ce0000-7fe504ce1000 ---p 00000000 00:00 0 
7fe504ce1000-7fe504de2000 rw-p 00000000 00:00 0 
7fe504de2000-7fe504de3000 ---p 00000000 00:00 0 
7fe504de3000-7fe504ee4000 rw-p 00000000 00:00 0 
7fe504ee4000-7fe504ee5000 ---p 00000000 00:00 0 
7fe504ee5000-7fe504fe6000 rw-p 00000000 00:00 0 
7fe504fe6000-7fe504fea000 ---p 00000000 00:00 0 
7fe504fea000-7fe5050e6000 rw-p 00000000 00:00 0 
7fe5050e6000-7fe5050e7000 ---p 00000000 00:00 0 
7fe5050e7000-7fe5051e8000 rw-p 00000000 00:00 0 
7fe5051e8000-7fe5051e9000 ---p 00000000 00:00 0 
7fe5051e9000-7fe5052ea000 rw-p 00000000 00:00 0 
7fe5052ea000-7fe5052eb000 ---p 00000000 00:00 0 
7fe5052eb000-7fe5053ec000 rw-p 00000000 00:00 0 
7fe5053ec000-7fe5053ed000 ---p 00000000 00:00 0 
7fe5053ed000-7fe5054ee000 rw-p 00000000 00:00 0 
7fe5054ee000-7fe5054ef000 ---p 00000000 00:00 0 
7fe5054ef000-7fe5055f0000 rw-p 00000000 00:00 0 
7fe5055f0000-7fe5055f1000 ---p 00000000 00:00 0 
7fe5055f1000-7fe5056f2000 rw-p 00000000 00:00 0 
7fe5056f2000-7fe5056f3000 ---p 00000000 00:00 0 
7fe5056f3000-7fe5057f4000 rw-p 00000000 00:00 0 
7fe5057f4000-7fe5057f5000 ---p 00000000 00:00 0 
7fe5057f5000-7fe5058f6000 rw-p 00000000 00:00 0 
7fe5058f6000-7fe5058f7000 ---p 00000000 00:00 0 
7fe5058f7000-7fe5059f8000 rw-p 00000000 00:00 0 
7fe5059f8000-7fe5059f9000 ---p 00000000 00:00 0 
7fe5059f9000-7fe505afa000 rw-p 00000000 00:00 0 
7fe505afa000-7fe505afb000 ---p 00000000 00:00 0 
7fe505afb000-7fe505bfc000 rw-p 00000000 00:00 0 
7fe505bfc000-7fe505bfd000 ---p 00000000 00:00 0 
7fe505bfd000-7fe505cfe000 rw-p 00000000 00:00 0 
7fe505cfe000-7fe505cff000 ---p 00000000 00:00 0 
7fe505cff000-7fe505e00000 rw-p 00000000 00:00 0 
7fe505e00000-7fe505e04000 ---p 00000000 00:00 0 
7fe505e04000-7fe505f00000 rw-p 00000000 00:00 0 
7fe505f00000-7fe505f04000 ---p 00000000 00:00 0 
7fe505f04000-7fe508000000 rw-p 00000000 00:00 0 
7fe508000000-7fe508021000 rw-p 00000000 00:00 0 
7fe508021000-7fe50c000000 ---p 00000000 00:00 0 
7fe50c000000-7fe50c021000 rw-p 00000000 00:00 0 
7fe50c021000-7fe510000000 ---p 00000000 00:00 0 
7fe510000000-7fe510021000 rw-p 00000000 00:00 0 
7fe510021000-7fe514000000 ---p 00000000 00:00 0 
7fe5140a6000-7fe5140aa000 ---p 00000000 00:00 0 
7fe5140aa000-7fe5141a6000 rw-p 00000000 00:00 0 
7fe5141a6000-7fe5141aa000 ---p 00000000 00:00 0 
7fe5141aa000-7fe5142a6000 rw-p 00000000 00:00 0 
7fe5142a6000-7fe5142b2000 r--p 00000000 08:02 335555459                  /usr/lib64/libnspr4.so
7fe5142b2000-7fe5142d7000 r-xp 0000c000 08:02 335555459                  /usr/lib64/libnspr4.so
7fe5142d7000-7fe5142e2000 r--p 00031000 08:02 335555459                  /usr/lib64/libnspr4.so
7fe5142e2000-7fe5142e3000 ---p 0003c000 08:02 335555459                  /usr/lib64/libnspr4.so
7fe5142e3000-7fe5142e5000 r--p 0003c000 08:02 335555459                  /usr/lib64/libnspr4.so
7fe5142e5000-7fe5142e6000 rw-p 0003e000 08:02 335555459                  /usr/lib64/libnspr4.so
7fe5142e6000-7fe5142e9000 rw-p 00000000 00:00 0 
7fe5142e9000-7fe5142f6000 r--p 00000000 08:02 335555462                  /usr/lib64/libnssutil3.so
7fe5142f6000-7fe514308000 r-xp 0000d000 08:02 335555462                  /usr/lib64/libnssutil3.so
7fe514308000-7fe514314000 r--p 0001f000 08:02 335555462                  /usr/lib64/libnssutil3.so
7fe514314000-7fe514315000 ---p 0002b000 08:02 335555462                  /usr/lib64/libnssutil3.so
7fe514315000-7fe51431c000 r--p 0002b000 08:02 335555462                  /usr/lib64/libnssutil3.so
7fe51431c000-7fe51431d000 rw-p 00032000 08:02 335555462                  /usr/lib64/libnssutil3.so
7fe51431d000-7fe514336000 r--p 00000000 08:02 335555495                  /usr/lib64/libnss3.so
7fe514336000-7fe514415000 r-xp 00019000 08:02 335555495                  /usr/lib64/libnss3.so
7fe514415000-7fe514448000 r--p 000f8000 08:02 335555495                  /usr/lib64/libnss3.so
7fe514448000-7fe51444f000 r--p 0012a000 08:02 335555495                  /usr/lib64/libnss3.so
7fe51444f000-7fe514450000 rw-p 00131000 08:02 335555495                  /usr/lib64/libnss3.so
7fe514450000-7fe514452000 rw-p 00000000 00:00 0 
7fe514452000-7fe514456000 ---p 00000000 00:00 0 
7fe514456000-7fe514552000 rw-p 00000000 00:00 0 
7fe514552000-7fe514556000 ---p 00000000 00:00 0 
7fe514556000-7fe514652000 rw-p 00000000 00:00 0 
7fe514652000-7fe514656000 ---p 00000000 00:00 0 
7fe514656000-7fe514752000 rw-p 00000000 00:00 0 
7fe514752000-7fe514756000 ---p 00000000 00:00 0 
7fe514756000-7fe514852000 rw-p 00000000 00:00 0 
7fe514852000-7fe514856000 ---p 00000000 00:00 0 
7fe514856000-7fe514952000 rw-p 00000000 00:00 0 
7fe514952000-7fe514956000 ---p 00000000 00:00 0 
7fe514956000-7fe514a52000 rw-p 00000000 00:00 0 
7fe514a52000-7fe514a53000 ---p 00000000 00:00 0 
7fe514a53000-7fe514b54000 rw-p 00000000 00:00 0 
7fe514b54000-7fe514b58000 ---p 00000000 00:00 0 
7fe514b58000-7fe514c54000 rw-p 00000000 00:00 0 
7fe514c54000-7fe514c58000 ---p 00000000 00:00 0 
7fe514c58000-7fe514d54000 rw-p 00000000 00:00 0 
7fe514d54000-7fe514d58000 ---p 00000000 00:00 0 
7fe514d58000-7fe514e54000 rw-p 00000000 00:00 0 
7fe514e54000-7fe514e58000 ---p 00000000 00:00 0 
7fe514e58000-7fe514f54000 rw-p 00000000 00:00 0 
7fe514f54000-7fe514f58000 ---p 00000000 00:00 0 
7fe514f58000-7fe515054000 rw-p 00000000 00:00 0 
7fe515054000-7fe515058000 ---p 00000000 00:00 0 
7fe515058000-7fe515154000 rw-p 00000000 00:00 0 
7fe515154000-7fe515158000 ---p 00000000 00:00 0 
7fe515158000-7fe515254000 rw-p 00000000 00:00 0 
7fe515254000-7fe515258000 ---p 00000000 00:00 0 
7fe515258000-7fe515354000 rw-p 00000000 00:00 0 
7fe515354000-7fe515358000 ---p 00000000 00:00 0 
7fe515358000-7fe515454000 rw-p 00000000 00:00 0 
7fe515454000-7fe515455000 ---p 00000000 00:00 0 
7fe515455000-7fe515556000 rw-p 00000000 00:00 0 
7fe515556000-7fe51555b000 r--p 00000000 08:02 436216065                  /usr/lib/jvm/java-17-openjdk-17.0.8.0.7-2.el9.x86_64/lib/libjsvml.so
7fe51555b000-7fe51559c000 r-xp 00005000 08:02 436216065                  /usr/lib/jvm/java-17-openjdk-17.0.8.0.7-2.el9.x86_64/lib/libjsvml.so
7fe51559c000-7fe515625000 r--p 00046000 08:02 436216065                  /usr/lib/jvm/java-17-openjdk-17.0.8.0.7-2.el9.x86_64/lib/libjsvml.so
7fe515625000-7fe515626000 r--p 000ce000 08:02 436216065                  /usr/lib/jvm/java-17-openjdk-17.0.8.0.7-2.el9.x86_64/lib/libjsvml.so
7fe515626000-7fe515627000 rw-p 000cf000 08:02 436216065                  /usr/lib/jvm/java-17-openjdk-17.0.8.0.7-2.el9.x86_64/lib/libjsvml.so
7fe515627000-7fe515628000 ---p 00000000 00:00 0 
7fe515628000-7fe515729000 rw-p 00000000 00:00 0 
7fe515729000-7fe51572a000 ---p 00000000 00:00 0 
7fe51572a000-7fe515fb0000 rw-p 00000000 00:00 0 
7fe515fb0000-7fe517970000 ---p 00000000 00:00 0 
7fe517970000-7fe5179b0000 rw-p 00000000 00:00 0 
7fe5179b0000-7fe517c30000 ---p 00000000 00:00 0 
7fe517c30000-7fe517c70000 rw-p 00000000 00:00 0 
7fe517c70000-7fe533c30000 ---p 00000000 00:00 0 
7fe533c30000-7fe533f30000 rw-p 00000000 00:00 0 
7fe533f30000-7fe5358f0000 ---p 00000000 00:00 0 
7fe5358f0000-7fe535930000 rw-p 00000000 00:00 0 
7fe535930000-7fe535bb0000 ---p 00000000 00:00 0 
7fe535bb0000-7fe535bf0000 rw-p 00000000 00:00 0 
7fe535bf0000-7fe551bb0000 ---p 00000000 00:00 0 
7fe551bb0000-7fe551c80000 rw-p 00000000 00:00 0 
7fe551c80000-7fe551fb8000 ---p 00000000 00:00 0 
7fe551fb8000-7fe551fc0000 rw-p 00000000 00:00 0 
7fe551fc0000-7fe552010000 ---p 00000000 00:00 0 
7fe552010000-7fe552018000 rw-p 00000000 00:00 0 
7fe552018000-7fe555810000 ---p 00000000 00:00 0 
7fe555810000-7fe555870000 rw-p 00000000 00:00 0 
7fe555870000-7fe555ba8000 ---p 00000000 00:00 0 
7fe555ba8000-7fe555bb0000 rw-p 00000000 00:00 0 
7fe555bb0000-7fe555c00000 ---p 00000000 00:00 0 
7fe555c00000-7fe555c08000 rw-p 00000000 00:00 0 
7fe555c08000-7fe559400000 ---p 00000000 00:00 0 
7fe559400000-7fe559460000 rw-p 00000000 00:00 0 
7fe559460000-7fe559798000 ---p 00000000 00:00 0 
7fe559798000-7fe5597a0000 rw-p 00000000 00:00 0 
7fe5597a0000-7fe5597f0000 ---p 00000000 00:00 0 
7fe5597f0000-7fe5597f8000 rw-p 00000000 00:00 0 
7fe5597f8000-7fe55cff0000 ---p 00000000 00:00 0 
7fe55cff0000-7fe55d000000 rw-p 00000000 00:00 0 
7fe55d000000-7fe55d980000 rwxp 00000000 00:00 0 
7fe55d980000-7fe56445f000 ---p 00000000 00:00 0 
7fe56445f000-7fe5647af000 rwxp 00000000 00:00 0 
7fe5647af000-7fe564ba0000 ---p 00000000 00:00 0 
7fe564ba0000-7fe564e80000 rwxp 00000000 00:00 0 
7fe564e80000-7fe56c000000 ---p 00000000 00:00 0 
7fe56c000000-7fe573f55000 r--s 00000000 08:02 436216081                  /usr/lib/jvm/java-17-openjdk-17.0.8.0.7-2.el9.x86_64/lib/modules
7fe573f7f000-7fe574000000 rw-p 00000000 00:00 0 
7fe574000000-7fe575650000 rw-p 00000000 00:00 0 
7fe575650000-7fe578000000 ---p 00000000 00:00 0 
7fe57801d000-7fe5780b9000 rw-p 00000000 00:00 0 
7fe5780c7000-7fe5780c8000 r--p 00000000 08:02 335555461                  /usr/lib64/libplds4.so
7fe5780c8000-7fe5780c9000 r-xp 00001000 08:02 335555461                  /usr/lib64/libplds4.so
7fe5780c9000-7fe5780ca000 r--p 00002000 08:02 335555461                  /usr/lib64/libplds4.so
7fe5780ca000-7fe5780cb000 r--p 00002000 08:02 335555461                  /usr/lib64/libplds4.so
7fe5780cb000-7fe5780cc000 rw-p 00003000 08:02 335555461                  /usr/lib64/libplds4.so
7fe5780cc000-7fe5780ce000 r--p 00000000 08:02 335555460                  /usr/lib64/libplc4.so
7fe5780ce000-7fe5780d0000 r-xp 00002000 08:02 335555460                  /usr/lib64/libplc4.so
7fe5780d0000-7fe5780d1000 r--p 00004000 08:02 335555460                  /usr/lib64/libplc4.so
7fe5780d1000-7fe5780d2000 r--p 00004000 08:02 335555460                  /usr/lib64/libplc4.so
7fe5780d2000-7fe5780d3000 rw-p 00005000 08:02 335555460                  /usr/lib64/libplc4.so
7fe5780d3000-7fe5780d5000 r--p 00000000 08:02 436216080                  /usr/lib/jvm/java-17-openjdk-17.0.8.0.7-2.el9.x86_64/lib/libzip.so
7fe5780d5000-7fe5780e7000 r-xp 00002000 08:02 436216080                  /usr/lib/jvm/java-17-openjdk-17.0.8.0.7-2.el9.x86_64/lib/libzip.so
7fe5780e7000-7fe5780ef000 r--p 00014000 08:02 436216080                  /usr/lib/jvm/java-17-openjdk-17.0.8.0.7-2.el9.x86_64/lib/libzip.so
7fe5780ef000-7fe5780f0000 r--p 0001b000 08:02 436216080                  /usr/lib/jvm/java-17-openjdk-17.0.8.0.7-2.el9.x86_64/lib/libzip.so
7fe5780f0000-7fe5789fa000 rw-p 00000000 00:00 0 
7fe5789fa000-7fe5789fb000 ---p 00000000 00:00 0 
7fe5789fb000-7fe578afc000 rw-p 00000000 00:00 0 
7fe578afc000-7fe578afd000 ---p 00000000 00:00 0 
7fe578afd000-7fe578bfe000 rw-p 00000000 00:00 0 
7fe578bfe000-7fe578bff000 ---p 00000000 00:00 0 
7fe578bff000-7fe579d34000 rw-p 00000000 00:00 0 
7fe579d34000-7fe579e17000 ---p 00000000 00:00 0 
7fe579e17000-7fe579e2a000 rw-p 00000000 00:00 0 
7fe579e2a000-7fe579f00000 ---p 00000000 00:00 0 
7fe579f00000-7fe579f04000 ---p 00000000 00:00 0 
7fe579f04000-7fe57a000000 rw-p 00000000 00:00 0 
7fe57a000000-7fe57a253000 r--p 00000000 08:02 478899                     /usr/lib/jvm/java-17-openjdk-17.0.8.0.7-2.el9.x86_64/lib/server/libjvm.so
7fe57a253000-7fe57b007000 r-xp 00253000 08:02 478899                     /usr/lib/jvm/java-17-openjdk-17.0.8.0.7-2.el9.x86_64/lib/server/libjvm.so
7fe57b007000-7fe57b28d000 r--p 01007000 08:02 478899                     /usr/lib/jvm/java-17-openjdk-17.0.8.0.7-2.el9.x86_64/lib/server/libjvm.so
7fe57b28d000-7fe57b28e000 ---p 0128d000 08:02 478899                     /usr/lib/jvm/java-17-openjdk-17.0.8.0.7-2.el9.x86_64/lib/server/libjvm.so
7fe57b28e000-7fe57b347000 r--p 0128d000 08:02 478899                     /usr/lib/jvm/java-17-openjdk-17.0.8.0.7-2.el9.x86_64/lib/server/libjvm.so
7fe57b347000-7fe57b37c000 rw-p 01346000 08:02 478899                     /usr/lib/jvm/java-17-openjdk-17.0.8.0.7-2.el9.x86_64/lib/server/libjvm.so
7fe57b37c000-7fe57b3d6000 rw-p 00000000 00:00 0 
7fe57b3e0000-7fe57b3e7000 r--s 00000000 08:02 436242299                  /usr/lib64/gconv/gconv-modules.cache
7fe57b3e7000-7fe57b3eb000 r--p 00000000 08:02 436216071                  /usr/lib/jvm/java-17-openjdk-17.0.8.0.7-2.el9.x86_64/lib/libnet.so
7fe57b3eb000-7fe57b3fa000 r-xp 00004000 08:02 436216071                  /usr/lib/jvm/java-17-openjdk-17.0.8.0.7-2.el9.x86_64/lib/libnet.so
7fe57b3fa000-7fe57b3fe000 r--p 00013000 08:02 436216071                  /usr/lib/jvm/java-17-openjdk-17.0.8.0.7-2.el9.x86_64/lib/libnet.so
7fe57b3fe000-7fe57b3ff000 r--p 00016000 08:02 436216071                  /usr/lib/jvm/java-17-openjdk-17.0.8.0.7-2.el9.x86_64/lib/libnet.so
7fe57b3ff000-7fe57b400000 rw-p 00017000 08:02 436216071                  /usr/lib/jvm/java-17-openjdk-17.0.8.0.7-2.el9.x86_64/lib/libnet.so
7fe57b400000-7fe57b428000 r--p 00000000 08:02 335545949                  /usr/lib64/libc.so.6
7fe57b428000-7fe57b59d000 r-xp 00028000 08:02 335545949                  /usr/lib64/libc.so.6
7fe57b59d000-7fe57b5f5000 r--p 0019d000 08:02 335545949                  /usr/lib64/libc.so.6
7fe57b5f5000-7fe57b5f6000 ---p 001f5000 08:02 335545949                  /usr/lib64/libc.so.6
7fe57b5f6000-7fe57b5fa000 r--p 001f5000 08:02 335545949                  /usr/lib64/libc.so.6
7fe57b5fa000-7fe57b5fc000 rw-p 001f9000 08:02 335545949                  /usr/lib64/libc.so.6
7fe57b5fc000-7fe57b609000 rw-p 00000000 00:00 0 
7fe57b609000-7fe57b60a000 r--p 00000000 08:02 436216078                  /usr/lib/jvm/java-17-openjdk-17.0.8.0.7-2.el9.x86_64/lib/libsystemconf.so
7fe57b60a000-7fe57b60b000 r-xp 00001000 08:02 436216078                  /usr/lib/jvm/java-17-openjdk-17.0.8.0.7-2.el9.x86_64/lib/libsystemconf.so
7fe57b60b000-7fe57b60c000 r--p 00002000 08:02 436216078                  /usr/lib/jvm/java-17-openjdk-17.0.8.0.7-2.el9.x86_64/lib/libsystemconf.so
7fe57b60c000-7fe57b60d000 r--p 00002000 08:02 436216078                  /usr/lib/jvm/java-17-openjdk-17.0.8.0.7-2.el9.x86_64/lib/libsystemconf.so
7fe57b60d000-7fe57b60e000 rw-p 00000000 00:00 0 
7fe57b60e000-7fe57b615000 r--p 00000000 08:02 436216072                  /usr/lib/jvm/java-17-openjdk-17.0.8.0.7-2.el9.x86_64/lib/libnio.so
7fe57b615000-7fe57b61f000 r-xp 00007000 08:02 436216072                  /usr/lib/jvm/java-17-openjdk-17.0.8.0.7-2.el9.x86_64/lib/libnio.so
7fe57b61f000-7fe57b623000 r--p 00011000 08:02 436216072                  /usr/lib/jvm/java-17-openjdk-17.0.8.0.7-2.el9.x86_64/lib/libnio.so
7fe57b623000-7fe57b624000 ---p 00015000 08:02 436216072                  /usr/lib/jvm/java-17-openjdk-17.0.8.0.7-2.el9.x86_64/lib/libnio.so
7fe57b624000-7fe57b625000 r--p 00015000 08:02 436216072                  /usr/lib/jvm/java-17-openjdk-17.0.8.0.7-2.el9.x86_64/lib/libnio.so
7fe57b625000-7fe57b626000 rw-p 00016000 08:02 436216072                  /usr/lib/jvm/java-17-openjdk-17.0.8.0.7-2.el9.x86_64/lib/libnio.so
7fe57b626000-7fe57b62d000 rw-p 00000000 00:00 0 
7fe57b62d000-7fe57b635000 ---p 00000000 00:00 0 
7fe57b635000-7fe57b641000 r--p 00000000 08:02 436342131                  /usr/lib/jvm/java-17-openjdk-17.0.8.0.7-2.el9.x86_64/lib/libjava.so
7fe57b641000-7fe57b655000 r-xp 0000c000 08:02 436342131                  /usr/lib/jvm/java-17-openjdk-17.0.8.0.7-2.el9.x86_64/lib/libjava.so
7fe57b655000-7fe57b65b000 r--p 00020000 08:02 436342131                  /usr/lib/jvm/java-17-openjdk-17.0.8.0.7-2.el9.x86_64/lib/libjava.so
7fe57b65b000-7fe57b65c000 r--p 00025000 08:02 436342131                  /usr/lib/jvm/java-17-openjdk-17.0.8.0.7-2.el9.x86_64/lib/libjava.so
7fe57b65c000-7fe57b65d000 rw-p 00026000 08:02 436342131                  /usr/lib/jvm/java-17-openjdk-17.0.8.0.7-2.el9.x86_64/lib/libjava.so
7fe57b65d000-7fe57b65e000 rw-p 00000000 00:00 0 
7fe57b65e000-7fe57b662000 r--p 00000000 08:02 436474498                  /usr/lib/jvm/java-17-openjdk-17.0.8.0.7-2.el9.x86_64/lib/libjimage.so
7fe57b662000-7fe57b676000 r-xp 00004000 08:02 436474498                  /usr/lib/jvm/java-17-openjdk-17.0.8.0.7-2.el9.x86_64/lib/libjimage.so
7fe57b676000-7fe57b67c000 r--p 00018000 08:02 436474498                  /usr/lib/jvm/java-17-openjdk-17.0.8.0.7-2.el9.x86_64/lib/libjimage.so
7fe57b67c000-7fe57b67e000 r--p 0001d000 08:02 436474498                  /usr/lib/jvm/java-17-openjdk-17.0.8.0.7-2.el9.x86_64/lib/libjimage.so
7fe57b67e000-7fe57b67f000 rw-p 0001f000 08:02 436474498                  /usr/lib/jvm/java-17-openjdk-17.0.8.0.7-2.el9.x86_64/lib/libjimage.so
7fe57b67f000-7fe57b68c000 r--p 00000000 08:02 335847697                  /usr/lib64/libm.so.6
7fe57b68c000-7fe57b6fc000 r-xp 0000d000 08:02 335847697                  /usr/lib64/libm.so.6
7fe57b6fc000-7fe57b758000 r--p 0007d000 08:02 335847697                  /usr/lib64/libm.so.6
7fe57b758000-7fe57b759000 r--p 000d8000 08:02 335847697                  /usr/lib64/libm.so.6
7fe57b759000-7fe57b75a000 rw-p 000d9000 08:02 335847697                  /usr/lib64/libm.so.6
7fe57b75a000-7fe57b75d000 rw-p 00000000 00:00 0 
7fe57b760000-7fe57b768000 rw-s 00000000 08:02 234905343                  /tmp/hsperfdata_t23209/368788
7fe57b768000-7fe57b769000 ---p 00000000 00:00 0 
7fe57b769000-7fe57b76a000 r--p 00000000 00:00 0 
7fe57b76a000-7fe57b76c000 r--p 00000000 08:02 437463243                  /usr/lib/jvm/java-17-openjdk-17.0.8.0.7-2.el9.x86_64/lib/libjli.so
7fe57b76c000-7fe57b77d000 r-xp 00002000 08:02 437463243                  /usr/lib/jvm/java-17-openjdk-17.0.8.0.7-2.el9.x86_64/lib/libjli.so
7fe57b77d000-7fe57b784000 r--p 00013000 08:02 437463243                  /usr/lib/jvm/java-17-openjdk-17.0.8.0.7-2.el9.x86_64/lib/libjli.so
7fe57b784000-7fe57b785000 r--p 00019000 08:02 437463243                  /usr/lib/jvm/java-17-openjdk-17.0.8.0.7-2.el9.x86_64/lib/libjli.so
7fe57b785000-7fe57b786000 rw-p 0001a000 08:02 437463243                  /usr/lib/jvm/java-17-openjdk-17.0.8.0.7-2.el9.x86_64/lib/libjli.so
7fe57b786000-7fe57b788000 rw-p 00000000 00:00 0 
7fe57b788000-7fe57b78a000 r--p 00000000 08:02 335847688                  /usr/lib64/ld-linux-x86-64.so.2
7fe57b78a000-7fe57b7b0000 r-xp 00002000 08:02 335847688                  /usr/lib64/ld-linux-x86-64.so.2
7fe57b7b0000-7fe57b7bb000 r--p 00028000 08:02 335847688                  /usr/lib64/ld-linux-x86-64.so.2
7fe57b7bb000-7fe57b7bc000 ---p 00000000 00:00 0 
7fe57b7bc000-7fe57b7be000 r--p 00033000 08:02 335847688                  /usr/lib64/ld-linux-x86-64.so.2
7fe57b7be000-7fe57b7c0000 rw-p 00035000 08:02 335847688                  /usr/lib64/ld-linux-x86-64.so.2
7ffc9af31000-7ffc9af52000 rw-p 00000000 00:00 0                          [stack]
7ffc9af6a000-7ffc9af6e000 r--p 00000000 00:00 0                          [vvar]
7ffc9af6e000-7ffc9af70000 r-xp 00000000 00:00 0                          [vdso]
ffffffffff600000-ffffffffff601000 --xp 00000000 00:00 0                  [vsyscall]


VM Arguments:
java_command: build/libs/gradproject-0.0.1-SNAPSHOT.jar
java_class_path (initial): build/libs/gradproject-0.0.1-SNAPSHOT.jar
Launcher Type: SUN_STANDARD

[Global flags]
     intx CICompilerCount                          = 12                                        {product} {ergonomic}
     uint ConcGCThreads                            = 4                                         {product} {ergonomic}
     uint G1ConcRefinementThreads                  = 14                                        {product} {ergonomic}
   size_t G1HeapRegionSize                         = 16777216                                  {product} {ergonomic}
    uintx GCDrainStackTargetSize                   = 64                                        {product} {ergonomic}
   size_t InitialHeapSize                          = 2097152000                                {product} {ergonomic}
   size_t MarkStackSize                            = 4194304                                   {product} {ergonomic}
   size_t MaxHeapSize                              = 32178700288                               {product} {ergonomic}
   size_t MaxNewSize                               = 19293798400                               {product} {ergonomic}
   size_t MinHeapDeltaBytes                        = 16777216                                  {product} {ergonomic}
   size_t MinHeapSize                              = 16777216                                  {product} {ergonomic}
    uintx NonNMethodCodeHeapSize                   = 7602480                                {pd product} {ergonomic}
    uintx NonProfiledCodeHeapSize                  = 122027880                              {pd product} {ergonomic}
    uintx ProfiledCodeHeapSize                     = 122027880                              {pd product} {ergonomic}
    uintx ReservedCodeCacheSize                    = 251658240                              {pd product} {ergonomic}
     bool SegmentedCodeCache                       = true                                      {product} {ergonomic}
   size_t SoftMaxHeapSize                          = 32178700288                            {manageable} {ergonomic}
     bool UseCompressedClassPointers               = true                           {product lp64_product} {ergonomic}
     bool UseCompressedOops                        = true                           {product lp64_product} {ergonomic}
     bool UseG1GC                                  = true                                      {product} {ergonomic}

Logging:
Log output configuration:
 #0: stdout all=warning uptime,level,tags
 #1: stderr all=off uptime,level,tags

Environment Variables:
PATH=/home/t23209/.local/bin:/home/t23209/bin:/usr/local/bin:/usr/bin:/usr/local/sbin:/usr/sbin
SHELL=/bin/bash
LANG=en_US.UTF-8
TERM=xterm-256color

Active Locale:
LC_ALL=en_US.UTF-8
LC_COLLATE=en_US.UTF-8
LC_CTYPE=en_US.UTF-8
LC_MESSAGES=en_US.UTF-8
LC_MONETARY=en_US.UTF-8
LC_NUMERIC=en_US.UTF-8
LC_TIME=en_US.UTF-8

Signal Handlers:
   SIGSEGV: crash_handler in libjvm.so, mask=11100100010111111101111111111110, flags=SA_RESTART|SA_SIGINFO, unblocked
    SIGBUS: crash_handler in libjvm.so, mask=11100100010111111101111111111110, flags=SA_RESTART|SA_SIGINFO, unblocked
    SIGFPE: crash_handler in libjvm.so, mask=11100100010111111101111111111110, flags=SA_RESTART|SA_SIGINFO, unblocked
   SIGPIPE: javaSignalHandler in libjvm.so, mask=11100100010111111101111111111110, flags=SA_RESTART|SA_SIGINFO, blocked
   SIGXFSZ: javaSignalHandler in libjvm.so, mask=11100100010111111101111111111110, flags=SA_RESTART|SA_SIGINFO, blocked
    SIGILL: crash_handler in libjvm.so, mask=11100100010111111101111111111110, flags=SA_RESTART|SA_SIGINFO, unblocked
   SIGUSR2: SR_handler in libjvm.so, mask=00000000000000000000000000000000, flags=SA_RESTART|SA_SIGINFO, blocked
    SIGHUP: UserHandler in libjvm.so, mask=11100100010111111101111111111110, flags=SA_RESTART|SA_SIGINFO, blocked
    SIGINT: UserHandler in libjvm.so, mask=11100100010111111101111111111110, flags=SA_RESTART|SA_SIGINFO, blocked
   SIGTERM: UserHandler in libjvm.so, mask=11100100010111111101111111111110, flags=SA_RESTART|SA_SIGINFO, blocked
   SIGQUIT: UserHandler in libjvm.so, mask=11100100010111111101111111111110, flags=SA_RESTART|SA_SIGINFO, blocked
   SIGTRAP: crash_handler in libjvm.so, mask=11100100010111111101111111111110, flags=SA_RESTART|SA_SIGINFO, unblocked


---------------  S Y S T E M  ---------------

OS:
Rocky Linux release 9.2 (Blue Onyx)
uname: Linux 5.14.0-284.18.1.el9_2.x86_64 #1 SMP PREEMPT_DYNAMIC Thu Jun 22 17:36:46 UTC 2023 x86_64
OS uptime: 38 days 13:03 hours
libc: glibc 2.34 NPTL 2.34 
rlimit (soft/hard): STACK 8192k/infinity , CORE 0k/infinity , NPROC 511716/511716 , NOFILE 524288/524288 , AS infinity/infinity , CPU infinity/infinity , DATA infinity/infinity , FSIZE infinity/infinity , MEMLOCK 8192k/8192k
load average: 7.08 6.21 5.03

/proc/meminfo:
MemTotal:       131059996 kB
MemFree:        33640600 kB
MemAvailable:   91227396 kB
Buffers:               0 kB
Cached:         55264172 kB
SwapCached:       310776 kB
Active:         25121852 kB
Inactive:       64485896 kB
Active(anon):    1880844 kB
Inactive(anon): 32713808 kB
Active(file):   23241008 kB
Inactive(file): 31772088 kB
Unevictable:        3152 kB
Mlocked:              64 kB
SwapTotal:      134217724 kB
SwapFree:       131124248 kB
Zswap:                 0 kB
Zswapped:              0 kB
Dirty:              7296 kB
Writeback:             0 kB
AnonPages:      33868988 kB
Mapped:          2158936 kB
Shmem:            586640 kB
KReclaimable:    3825100 kB
Slab:            5084224 kB
SReclaimable:    3825100 kB
SUnreclaim:      1259124 kB
KernelStack:       41728 kB
PageTables:       391668 kB
NFS_Unstable:          0 kB
Bounce:                0 kB
WritebackTmp:          0 kB
CommitLimit:    199747720 kB
Committed_AS:   121082160 kB
VmallocTotal:   34359738367 kB
VmallocUsed:      191644 kB
VmallocChunk:          0 kB
Percpu:            37248 kB
HardwareCorrupted:     0 kB
AnonHugePages:  17778688 kB
ShmemHugePages:        0 kB
ShmemPmdMapped:        0 kB
FileHugePages:         0 kB
FilePmdMapped:         0 kB
CmaTotal:              0 kB
CmaFree:               0 kB
HugePages_Total:       0
HugePages_Free:        0
HugePages_Rsvd:        0
HugePages_Surp:        0
Hugepagesize:       2048 kB
Hugetlb:               0 kB
DirectMap4k:    10460652 kB
DirectMap2M:    93020160 kB
DirectMap1G:    30408704 kB

/sys/kernel/mm/transparent_hugepage/enabled: [always] madvise never
/sys/kernel/mm/transparent_hugepage/defrag (defrag/compaction efforts parameter): always defer defer+madvise [madvise] never

Process Memory:
Virtual Size: 37347148K (peak: 37347148K)
Resident Set Size: 479240K (peak: 479240K) (anon: 456600K, file: 22640K, shmem: 0K)
Swapped out: 0K
C-Heap outstanding allocations: 200911K, retained: 29764K
glibc malloc tunables: (default)

/proc/sys/kernel/threads-max (system-wide limit on the number of threads): 1023433
/proc/sys/vm/max_map_count (maximum number of memory map areas a process may have): 65530
/proc/sys/kernel/pid_max (system-wide limit on number of process identifiers): 4194304

container (cgroup) information:
container_type: cgroupv2
cpu_cpuset_cpus: not supported
cpu_memory_nodes: not supported
active_processor_count: 18
cpu_quota: not supported
cpu_period: not supported
cpu_shares: not supported
memory_limit_in_bytes: unlimited
memory_and_swap_limit_in_bytes: unlimited
memory_soft_limit_in_bytes: unlimited
memory_usage_in_bytes: 1217520 k
memory_max_usage_in_bytes: not supported
memory_swap_current_in_bytes: unlimited
memory_swap_max_limit_in_bytes: unlimited
maximum number of tasks: unlimited
current number of tasks: 120

Steal ticks since vm start: 0
Steal ticks percentage since vm start:  0.000

CPU: total 18 (initial active 18) (18 cores per cpu, 2 threads per core) family 6 model 85 stepping 7 microcode 0x5003303, cx8, cmov, fxsr, ht, mmx, 3dnowpref, sse, sse2, sse3, ssse3, sse4.1, sse4.2, popcnt, lzcnt, tsc, tscinvbit, avx, avx2, aes, erms, clmul, bmi1, bmi2, adx, avx512f, avx512dq, avx512cd, avx512bw, avx512vl, fma, vzeroupper, avx512_vnni, clflush, clflushopt, clwb
CPU Model and flags from /proc/cpuinfo:
model name	: Intel(R) Core(TM) i9-10980XE CPU @ 3.00GHz
flags		: fpu vme de pse tsc msr pae mce cx8 apic sep mtrr pge mca cmov pat pse36 clflush dts acpi mmx fxsr sse sse2 ss ht tm pbe syscall nx pdpe1gb rdtscp lm constant_tsc art arch_perfmon pebs bts rep_good nopl xtopology nonstop_tsc cpuid aperfmperf pni pclmulqdq dtes64 monitor ds_cpl vmx est tm2 ssse3 sdbg fma cx16 xtpr pdcm pcid dca sse4_1 sse4_2 x2apic movbe popcnt tsc_deadline_timer aes xsave avx f16c rdrand lahf_lm abm 3dnowprefetch cpuid_fault epb cat_l3 cdp_l3 invpcid_single ssbd mba ibrs ibpb stibp ibrs_enhanced tpr_shadow vnmi flexpriority ept vpid ept_ad fsgsbase tsc_adjust bmi1 avx2 smep bmi2 erms invpcid cqm mpx rdt_a avx512f avx512dq rdseed adx smap clflushopt clwb intel_pt avx512cd avx512bw avx512vl xsaveopt xsavec xgetbv1 xsaves cqm_llc cqm_occup_llc cqm_mbm_total cqm_mbm_local dtherm ida arat pln pts avx512_vnni md_clear flush_l1d arch_capabilities

Online cpus: 0-17
Offline cpus: 
BIOS frequency limitation: <Not Available>
Frequency switch latency (ns): 20000
Available cpu frequencies: <Not Available>
Current governor: performance
Core performance/turbo boost: <Not Available>

Memory: 4k page, physical 131059996k(33640600k free), swap 134217724k(131124248k free)
Page Sizes: 4k

vm_info: OpenJDK 64-Bit Server VM (17.0.8+7-LTS) for linux-amd64 JRE (17.0.8+7-LTS), built on Jul 14 2023 00:00:00 by "mockbuild" with gcc 11.3.1 20221121 (Red Hat 11.3.1-4)

END.
